  databuffer.cpp
  MutexWin.cpp
  pingpong.cpp
c:\users\administrator\desktop\生产发货资料\0318\12135ac\c&c++\无限点多次触发采集\fifo_multi\pingpong_example\threadfiletodisk.h : warning C4819: 该文件包含不能在当前代码页(936)中表示的字符。请将该文件保存为 Unicode 格式以防止数据丢失
c:\users\administrator\desktop\生产发货资料\0318\12135ac\c&c++\无限点多次触发采集\fifo_multi\pingpong_example\pingpong.cpp(139): warning C4477: “scanf”: 格式字符串“%d”需要类型“int *”的参数，但可变参数 1 拥有了类型“uint64_t *”
  c:\users\administrator\desktop\生产发货资料\0318\12135ac\c&c++\无限点多次触发采集\fifo_multi\pingpong_example\pingpong.cpp(139): note: 请考虑在格式字符串中使用“%lld”
  c:\users\administrator\desktop\生产发货资料\0318\12135ac\c&c++\无限点多次触发采集\fifo_multi\pingpong_example\pingpong.cpp(139): note: 请考虑在格式字符串中使用“%Id”
  c:\users\administrator\desktop\生产发货资料\0318\12135ac\c&c++\无限点多次触发采集\fifo_multi\pingpong_example\pingpong.cpp(139): note: 请考虑在格式字符串中使用“%I64d”
c:\users\administrator\desktop\生产发货资料\0318\12135ac\c&c++\无限点多次触发采集\fifo_multi\pingpong_example\pingpong.cpp(140): warning C4244: “参数”: 从“uint64_t”转换到“uint32_t”，可能丢失数据
c:\users\administrator\desktop\生产发货资料\0318\12135ac\c&c++\无限点多次触发采集\fifo_multi\pingpong_example\pingpong.cpp(247): warning C4244: “=”: 从“double”转换到“uint64_t”，可能丢失数据
c:\users\administrator\desktop\生产发货资料\0318\12135ac\c&c++\无限点多次触发采集\fifo_multi\pingpong_example\pingpong.cpp(269): warning C4477: “printf”: 格式字符串“%d”需要类型“int”的参数，但可变参数 1 拥有了类型“uint64_t”
  c:\users\administrator\desktop\生产发货资料\0318\12135ac\c&c++\无限点多次触发采集\fifo_multi\pingpong_example\pingpong.cpp(269): note: 请考虑在格式字符串中使用“%lld”
  c:\users\administrator\desktop\生产发货资料\0318\12135ac\c&c++\无限点多次触发采集\fifo_multi\pingpong_example\pingpong.cpp(269): note: 请考虑在格式字符串中使用“%Id”
  c:\users\administrator\desktop\生产发货资料\0318\12135ac\c&c++\无限点多次触发采集\fifo_multi\pingpong_example\pingpong.cpp(269): note: 请考虑在格式字符串中使用“%I64d”
c:\users\administrator\desktop\生产发货资料\0318\12135ac\c&c++\无限点多次触发采集\fifo_multi\pingpong_example\pingpong.cpp(279): warning C4244: “=”: 从“uint64_t”转换到“double”，可能丢失数据
c:\users\administrator\desktop\生产发货资料\0318\12135ac\c&c++\无限点多次触发采集\fifo_multi\pingpong_example\pingpong.cpp(283): warning C4244: “=”: 从“uint64_t”转换到“double”，可能丢失数据
c:\users\administrator\desktop\生产发货资料\0318\12135ac\c&c++\无限点多次触发采集\fifo_multi\pingpong_example\pingpong.cpp(331): warning C4244: “=”: 从“double”转换到“uint64_t”，可能丢失数据
c:\users\administrator\desktop\生产发货资料\0318\12135ac\c&c++\无限点多次触发采集\fifo_multi\pingpong_example\pingpong.cpp(353): warning C4244: “参数”: 从“uint64_t”转换到“uint32_t”，可能丢失数据
c:\users\administrator\desktop\生产发货资料\0318\12135ac\c&c++\无限点多次触发采集\fifo_multi\pingpong_example\pingpong.cpp(354): warning C4244: “初始化”: 从“uint64_t”转换到“int”，可能丢失数据
c:\users\administrator\desktop\生产发货资料\0318\12135ac\c&c++\无限点多次触发采集\fifo_multi\pingpong_example\pingpong.cpp(403): warning C4102: “EXIT”: 未引用的标签
c:\users\administrator\desktop\生产发货资料\0318\12135ac\c&c++\无限点多次触发采集\fifo_multi\pingpong_example\pingpong.cpp(448): warning C4102: “EXIT”: 未引用的标签
c:\users\administrator\desktop\生产发货资料\0318\12135ac\c&c++\无限点多次触发采集\fifo_multi\pingpong_example\pingpong.cpp(501): warning C4244: “参数”: 从“int64_t”转换到“unsigned int”，可能丢失数据
c:\users\administrator\desktop\生产发货资料\0318\12135ac\c&c++\无限点多次触发采集\fifo_multi\pingpong_example\pingpong.cpp(504): warning C4244: “+=”: 从“int64_t”转换到“int”，可能丢失数据
c:\users\administrator\desktop\生产发货资料\0318\12135ac\c&c++\无限点多次触发采集\fifo_multi\pingpong_example\pingpong.cpp(570): warning C4244: “参数”: 从“int64_t”转换到“unsigned int”，可能丢失数据
c:\users\administrator\desktop\生产发货资料\0318\12135ac\c&c++\无限点多次触发采集\fifo_multi\pingpong_example\pingpong.cpp(574): warning C4244: “+=”: 从“int64_t”转换到“int”，可能丢失数据
c:\users\administrator\desktop\生产发货资料\0318\12135ac\c&c++\无限点多次触发采集\fifo_multi\pingpong_example\pingpong.cpp(602): warning C4102: “EXIT”: 未引用的标签
  pingpong_function.cpp
c:\users\administrator\desktop\生产发货资料\0318\12135ac\c&c++\无限点多次触发采集\fifo_multi\pingpong_example\pingpong_function.cpp(21): warning C4267: “初始化”: 从“size_t”转换到“int”，可能丢失数据
c:\users\administrator\desktop\生产发货资料\0318\12135ac\c&c++\无限点多次触发采集\fifo_multi\pingpong_example\pingpong_function.cpp(23): warning C4244: “初始化”: 从“uint64_t”转换到“uint32_t”，可能丢失数据
c:\users\administrator\desktop\生产发货资料\0318\12135ac\c&c++\无限点多次触发采集\fifo_multi\pingpong_example\pingpong_function.cpp(24): warning C4244: “初始化”: 从“uint64_t”转换到“uint32_t”，可能丢失数据
c:\users\administrator\desktop\生产发货资料\0318\12135ac\c&c++\无限点多次触发采集\fifo_multi\pingpong_example\pingpong_function.cpp(25): warning C4244: “初始化”: 从“uint64_t”转换到“uint32_t”，可能丢失数据
c:\users\administrator\desktop\生产发货资料\0318\12135ac\c&c++\无限点多次触发采集\fifo_multi\pingpong_example\pingpong_function.cpp(31): warning C4477: “printf”: 格式字符串“%#x”需要类型“unsigned int”的参数，但可变参数 1 拥有了类型“uint64_t”
  c:\users\administrator\desktop\生产发货资料\0318\12135ac\c&c++\无限点多次触发采集\fifo_multi\pingpong_example\pingpong_function.cpp(31): note: 请考虑在格式字符串中使用“%llx”
  c:\users\administrator\desktop\生产发货资料\0318\12135ac\c&c++\无限点多次触发采集\fifo_multi\pingpong_example\pingpong_function.cpp(31): note: 请考虑在格式字符串中使用“%Ix”
  c:\users\administrator\desktop\生产发货资料\0318\12135ac\c&c++\无限点多次触发采集\fifo_multi\pingpong_example\pingpong_function.cpp(31): note: 请考虑在格式字符串中使用“%I64x”
  pub.cpp
  qtxdmaapiinterface.cpp
  ThreadFileToDisk.cpp
c:\users\administrator\desktop\生产发货资料\0318\12135ac\c&c++\无限点多次触发采集\fifo_multi\pingpong_example\threadfiletodisk.h : warning C4819: 该文件包含不能在当前代码页(936)中表示的字符。请将该文件保存为 Unicode 格式以防止数据丢失
c:\users\administrator\desktop\生产发货资料\0318\12135ac\c&c++\无限点多次触发采集\fifo_multi\pingpong_example\threadfiletodisk.cpp(193): warning C4267: “return”: 从“size_t”转换到“int”，可能丢失数据
c:\users\administrator\desktop\生产发货资料\0318\12135ac\c&c++\无限点多次触发采集\fifo_multi\pingpong_example\threadfiletodisk.cpp(198): warning C4267: “return”: 从“size_t”转换到“int”，可能丢失数据
c:\users\administrator\desktop\生产发货资料\0318\12135ac\c&c++\无限点多次触发采集\fifo_multi\pingpong_example\threadfiletodisk.cpp(203): warning C4267: “return”: 从“size_t”转换到“int”，可能丢失数据
c:\users\administrator\desktop\生产发货资料\0318\12135ac\c&c++\无限点多次触发采集\fifo_multi\pingpong_example\threadfiletodisk.cpp(230): warning C4312: “类型强制转换”: 从“int”转换到更大的“LPVOID”
c:\users\administrator\desktop\生产发货资料\0318\12135ac\c&c++\无限点多次触发采集\fifo_multi\pingpong_example\threadfiletodisk.cpp(255): warning C4312: “类型强制转换”: 从“int”转换到更大的“LPVOID”
c:\users\administrator\desktop\生产发货资料\0318\12135ac\c&c++\无限点多次触发采集\fifo_multi\pingpong_example\threadfiletodisk.cpp(428): warning C4311: “类型强制转换”: 从“LPVOID”到“int”的指针截断
c:\users\administrator\desktop\生产发货资料\0318\12135ac\c&c++\无限点多次触发采集\fifo_multi\pingpong_example\threadfiletodisk.cpp(428): warning C4302: “类型强制转换”: 从“LPVOID”到“int”截断
c:\users\administrator\desktop\生产发货资料\0318\12135ac\c&c++\无限点多次触发采集\fifo_multi\pingpong_example\threadfiletodisk.cpp(496): warning C4311: “类型强制转换”: 从“LPVOID”到“int”的指针截断
c:\users\administrator\desktop\生产发货资料\0318\12135ac\c&c++\无限点多次触发采集\fifo_multi\pingpong_example\threadfiletodisk.cpp(496): warning C4302: “类型强制转换”: 从“LPVOID”到“int”截断
c:\users\administrator\desktop\生产发货资料\0318\12135ac\c&c++\无限点多次触发采集\fifo_multi\pingpong_example\threadfiletodisk.cpp(513): warning C4244: “初始化”: 从“time_t”转换到“int”，可能丢失数据
c:\users\administrator\desktop\生产发货资料\0318\12135ac\c&c++\无限点多次触发采集\fifo_multi\pingpong_example\threadfiletodisk.cpp(559): warning C4244: “初始化”: 从“time_t”转换到“int”，可能丢失数据
c:\users\administrator\desktop\生产发货资料\0318\12135ac\c&c++\无限点多次触发采集\fifo_multi\pingpong_example\threadfiletodisk.cpp(591): warning C4311: “类型强制转换”: 从“LPVOID”到“int”的指针截断
c:\users\administrator\desktop\生产发货资料\0318\12135ac\c&c++\无限点多次触发采集\fifo_multi\pingpong_example\threadfiletodisk.cpp(591): warning C4302: “类型强制转换”: 从“LPVOID”到“int”截断
  TraceLog.cpp
c:\users\administrator\desktop\生产发货资料\0318\12135ac\c&c++\无限点多次触发采集\fifo_multi\pingpong_example\tracelog.cpp(128): warning C4477: “fprintf”: 格式字符串“%s”需要类型“char *”的参数，但可变参数 1 拥有了类型“LPCTSTR”
  c:\users\administrator\desktop\生产发货资料\0318\12135ac\c&c++\无限点多次触发采集\fifo_multi\pingpong_example\tracelog.cpp(128): note: 请考虑在格式字符串中使用“%ls”
  c:\users\administrator\desktop\生产发货资料\0318\12135ac\c&c++\无限点多次触发采集\fifo_multi\pingpong_example\tracelog.cpp(128): note: 请考虑在格式字符串中使用“%lls”
  c:\users\administrator\desktop\生产发货资料\0318\12135ac\c&c++\无限点多次触发采集\fifo_multi\pingpong_example\tracelog.cpp(128): note: 请考虑在格式字符串中使用“%Ls”
  c:\users\administrator\desktop\生产发货资料\0318\12135ac\c&c++\无限点多次触发采集\fifo_multi\pingpong_example\tracelog.cpp(128): note: 请考虑在格式字符串中使用“%ws”
c:\users\administrator\desktop\生产发货资料\0318\12135ac\c&c++\无限点多次触发采集\fifo_multi\pingpong_example\tracelog.cpp(229): warning C4477: “fprintf”: 格式字符串“%s”需要类型“char *”的参数，但可变参数 1 拥有了类型“LPCTSTR”
  c:\users\administrator\desktop\生产发货资料\0318\12135ac\c&c++\无限点多次触发采集\fifo_multi\pingpong_example\tracelog.cpp(229): note: 请考虑在格式字符串中使用“%ls”
  c:\users\administrator\desktop\生产发货资料\0318\12135ac\c&c++\无限点多次触发采集\fifo_multi\pingpong_example\tracelog.cpp(229): note: 请考虑在格式字符串中使用“%lls”
  c:\users\administrator\desktop\生产发货资料\0318\12135ac\c&c++\无限点多次触发采集\fifo_multi\pingpong_example\tracelog.cpp(229): note: 请考虑在格式字符串中使用“%Ls”
  c:\users\administrator\desktop\生产发货资料\0318\12135ac\c&c++\无限点多次触发采集\fifo_multi\pingpong_example\tracelog.cpp(229): note: 请考虑在格式字符串中使用“%ws”
c:\users\administrator\desktop\生产发货资料\0318\12135ac\c&c++\无限点多次触发采集\fifo_multi\pingpong_example\tracelog.cpp(487): warning C4244: “=”: 从“intptr_t”转换到“long”，可能丢失数据
  正在生成代码
  All 460 functions were compiled because no usable IPDB/IOBJ from previous compilation was found.
  已完成代码的生成
  pingpong_example.vcxproj -> C:\Users\Administrator\Desktop\生产发货资料\0318\12135AC\C&C++\无限点多次触发采集\fifo_multi\x64\Release\pingpong_example.exe
