[03-08 17:35:04.524][ThreadFileToDisk::PushFreeToList], push free buffer...m_freeList size is 0
[03-08 17:35:04.535][ThreadFileToDisk::PushFreeToList], push free buffer...m_freeList size is 1
[03-08 17:35:04.547][ThreadFileToDisk::PushFreeToList], push free buffer...m_freeList size is 2
[03-08 17:35:04.558][ThreadFileToDisk::PushFreeToList], push free buffer...m_freeList size is 3
[03-08 17:35:04.570][ThreadFileToDisk::PushFreeToList], push free buffer...m_freeList size is 4
[03-08 17:35:04.582][ThreadFileToDisk::PushFreeToList], push free buffer...m_freeList size is 5
[03-08 17:35:04.593][ThreadFileToDisk::PushFreeToList], push free buffer...m_freeList size is 6
[03-08 17:35:04.604][ThreadFileToDisk::PushFreeToList], push free buffer...m_freeList size is 7
[03-08 17:35:04.616][ThreadFileToDisk::PushFreeToList], push free buffer...m_freeList size is 8
[03-08 17:35:04.627][ThreadFileToDisk::PushFreeToList], push free buffer...m_freeList size is 9
[03-08 17:35:04.637][ThreadFileToDisk::PushFreeToList], push free buffer...m_freeList size is 10
[03-08 17:35:04.648][ThreadFileToDisk::PushFreeToList], push free buffer...m_freeList size is 11
[03-08 17:35:04.659][ThreadFileToDisk::PushFreeToList], push free buffer...m_freeList size is 12
[03-08 17:35:04.671][ThreadFileToDisk::PushFreeToList], push free buffer...m_freeList size is 13
[03-08 17:35:04.682][ThreadFileToDisk::PushFreeToList], push free buffer...m_freeList size is 14
[03-08 17:35:04.693][ThreadFileToDisk::PushFreeToList], push free buffer...m_freeList size is 15
[03-08 17:35:04.704][ThreadFileToDisk::PushFreeToList], push free buffer...m_freeList size is 16
[03-08 17:35:04.715][ThreadFileToDisk::PushFreeToList], push free buffer...m_freeList size is 17
[03-08 17:35:04.726][ThreadFileToDisk::PushFreeToList], push free buffer...m_freeList size is 18
[03-08 17:35:04.737][ThreadFileToDisk::PushFreeToList], push free buffer...m_freeList size is 19
[03-08 17:35:04.749][ThreadFileToDisk::PushFreeToList], push free buffer...m_freeList size is 20
[03-08 17:35:04.760][ThreadFileToDisk::PushFreeToList], push free buffer...m_freeList size is 21
[03-08 17:35:04.771][ThreadFileToDisk::PushFreeToList], push free buffer...m_freeList size is 22
[03-08 17:35:04.783][ThreadFileToDisk::PushFreeToList], push free buffer...m_freeList size is 23
[03-08 17:35:04.794][ThreadFileToDisk::PushFreeToList], push free buffer...m_freeList size is 24
[03-08 17:35:04.805][ThreadFileToDisk::PushFreeToList], push free buffer...m_freeList size is 25
[03-08 17:35:04.816][ThreadFileToDisk::PushFreeToList], push free buffer...m_freeList size is 26
[03-08 17:35:04.827][ThreadFileToDisk::PushFreeToList], push free buffer...m_freeList size is 27
[03-08 17:35:04.838][ThreadFileToDisk::PushFreeToList], push free buffer...m_freeList size is 28
[03-08 17:35:04.849][ThreadFileToDisk::PushFreeToList], push free buffer...m_freeList size is 29
[03-08 17:35:04.860][ThreadFileToDisk::PushFreeToList], push free buffer...m_freeList size is 30
[03-08 17:35:04.871][ThreadFileToDisk::PushFreeToList], push free buffer...m_freeList size is 31
[03-08 17:35:04.883][ThreadFileToDisk::PushFreeToList], push free buffer...m_freeList size is 32
[03-08 17:35:04.895][ThreadFileToDisk::PushFreeToList], push free buffer...m_freeList size is 33
[03-08 17:35:04.906][ThreadFileToDisk::PushFreeToList], push free buffer...m_freeList size is 34
[03-08 17:35:04.917][ThreadFileToDisk::PushFreeToList], push free buffer...m_freeList size is 35
[03-08 17:35:04.928][ThreadFileToDisk::PushFreeToList], push free buffer...m_freeList size is 36
[03-08 17:35:04.940][ThreadFileToDisk::PushFreeToList], push free buffer...m_freeList size is 37
[03-08 17:35:04.951][ThreadFileToDisk::PushFreeToList], push free buffer...m_freeList size is 38
[03-08 17:35:04.962][ThreadFileToDisk::PushFreeToList], push free buffer...m_freeList size is 39
[03-08 17:35:04.974][ThreadFileToDisk::PushFreeToList], push free buffer...m_freeList size is 40
[03-08 17:35:04.985][ThreadFileToDisk::PushFreeToList], push free buffer...m_freeList size is 41
[03-08 17:35:04.996][ThreadFileToDisk::PushFreeToList], push free buffer...m_freeList size is 42
[03-08 17:35:05.007][ThreadFileToDisk::PushFreeToList], push free buffer...m_freeList size is 43
[03-08 17:35:05.018][ThreadFileToDisk::PushFreeToList], push free buffer...m_freeList size is 44
[03-08 17:35:05.029][ThreadFileToDisk::PushFreeToList], push free buffer...m_freeList size is 45
[03-08 17:35:05.040][ThreadFileToDisk::PushFreeToList], push free buffer...m_freeList size is 46
[03-08 17:35:05.051][ThreadFileToDisk::PushFreeToList], push free buffer...m_freeList size is 47
[03-08 17:35:05.063][ThreadFileToDisk::PushFreeToList], push free buffer...m_freeList size is 48
[03-08 17:35:05.074][ThreadFileToDisk::PushFreeToList], push free buffer...m_freeList size is 49
[03-08 17:35:05.086][ThreadFileToDisk::PushFreeToList], push free buffer...m_freeList size is 50
[03-08 17:35:05.097][ThreadFileToDisk::PushFreeToList], push free buffer...m_freeList size is 51
[03-08 17:35:05.109][ThreadFileToDisk::PushFreeToList], push free buffer...m_freeList size is 52
[03-08 17:35:05.120][ThreadFileToDisk::PushFreeToList], push free buffer...m_freeList size is 53
[03-08 17:35:05.131][ThreadFileToDisk::PushFreeToList], push free buffer...m_freeList size is 54
[03-08 17:35:05.142][ThreadFileToDisk::PushFreeToList], push free buffer...m_freeList size is 55
[03-08 17:35:05.155][ThreadFileToDisk::PushFreeToList], push free buffer...m_freeList size is 56
[03-08 17:35:05.166][ThreadFileToDisk::PushFreeToList], push free buffer...m_freeList size is 57
[03-08 17:35:05.179][ThreadFileToDisk::PushFreeToList], push free buffer...m_freeList size is 58
[03-08 17:35:05.190][ThreadFileToDisk::PushFreeToList], push free buffer...m_freeList size is 59
[03-08 17:35:05.202][ThreadFileToDisk::PushFreeToList], push free buffer...m_freeList size is 60
[03-08 17:35:05.213][ThreadFileToDisk::PushFreeToList], push free buffer...m_freeList size is 61
[03-08 17:35:05.223][ThreadFileToDisk::PushFreeToList], push free buffer...m_freeList size is 62
[03-08 17:35:05.235][ThreadFileToDisk::PushFreeToList], push free buffer...m_freeList size is 63
[03-08 17:35:05.246][ThreadFileToDisk::PushFreeToList], push free buffer...m_freeList size is 64
[03-08 17:35:05.257][ThreadFileToDisk::PushFreeToList], push free buffer...m_freeList size is 65
[03-08 17:35:05.267][ThreadFileToDisk::PushFreeToList], push free buffer...m_freeList size is 66
[03-08 17:35:05.279][ThreadFileToDisk::PushFreeToList], push free buffer...m_freeList size is 67
[03-08 17:35:05.289][ThreadFileToDisk::PushFreeToList], push free buffer...m_freeList size is 68
[03-08 17:35:05.300][ThreadFileToDisk::PushFreeToList], push free buffer...m_freeList size is 69
[03-08 17:35:05.312][ThreadFileToDisk::PushFreeToList], push free buffer...m_freeList size is 70
[03-08 17:35:05.323][ThreadFileToDisk::PushFreeToList], push free buffer...m_freeList size is 71
[03-08 17:35:05.334][ThreadFileToDisk::PushFreeToList], push free buffer...m_freeList size is 72
[03-08 17:35:05.345][ThreadFileToDisk::PushFreeToList], push free buffer...m_freeList size is 73
[03-08 17:35:05.356][ThreadFileToDisk::PushFreeToList], push free buffer...m_freeList size is 74
[03-08 17:35:05.367][ThreadFileToDisk::PushFreeToList], push free buffer...m_freeList size is 75
[03-08 17:35:05.378][ThreadFileToDisk::PushFreeToList], push free buffer...m_freeList size is 76
[03-08 17:35:05.389][ThreadFileToDisk::PushFreeToList], push free buffer...m_freeList size is 77
[03-08 17:35:05.399][ThreadFileToDisk::PushFreeToList], push free buffer...m_freeList size is 78
[03-08 17:35:05.409][ThreadFileToDisk::PushFreeToList], push free buffer...m_freeList size is 79
[03-08 17:35:05.420][ThreadFileToDisk::PushFreeToList], push free buffer...m_freeList size is 80
[03-08 17:35:05.431][ThreadFileToDisk::PushFreeToList], push free buffer...m_freeList size is 81
[03-08 17:35:05.443][ThreadFileToDisk::PushFreeToList], push free buffer...m_freeList size is 82
[03-08 17:35:05.453][ThreadFileToDisk::PushFreeToList], push free buffer...m_freeList size is 83
[03-08 17:35:05.463][ThreadFileToDisk::PushFreeToList], push free buffer...m_freeList size is 84
[03-08 17:35:05.474][ThreadFileToDisk::PushFreeToList], push free buffer...m_freeList size is 85
[03-08 17:35:05.484][ThreadFileToDisk::PushFreeToList], push free buffer...m_freeList size is 86
[03-08 17:35:05.495][ThreadFileToDisk::PushFreeToList], push free buffer...m_freeList size is 87
[03-08 17:35:05.506][ThreadFileToDisk::PushFreeToList], push free buffer...m_freeList size is 88
[03-08 17:35:05.517][ThreadFileToDisk::PushFreeToList], push free buffer...m_freeList size is 89
[03-08 17:35:05.529][ThreadFileToDisk::PushFreeToList], push free buffer...m_freeList size is 90
[03-08 17:35:05.539][ThreadFileToDisk::PushFreeToList], push free buffer...m_freeList size is 91
[03-08 17:35:05.550][ThreadFileToDisk::PushFreeToList], push free buffer...m_freeList size is 92
[03-08 17:35:05.560][ThreadFileToDisk::PushFreeToList], push free buffer...m_freeList size is 93
[03-08 17:35:05.571][ThreadFileToDisk::PushFreeToList], push free buffer...m_freeList size is 94
[03-08 17:35:05.582][ThreadFileToDisk::PushFreeToList], push free buffer...m_freeList size is 95
[03-08 17:35:05.592][ThreadFileToDisk::PushFreeToList], push free buffer...m_freeList size is 96
[03-08 17:35:05.602][ThreadFileToDisk::PushFreeToList], push free buffer...m_freeList size is 97
[03-08 17:35:05.613][ThreadFileToDisk::PushFreeToList], push free buffer...m_freeList size is 98
[03-08 17:35:05.623][ThreadFileToDisk::PushFreeToList], push free buffer...m_freeList size is 99
[03-08 17:35:14.990]remain_size is 1302528

[03-08 17:35:14.990]break 
[03-08 17:35:15.036]written = 76800000

[03-08 17:35:15.041][ThreadFileToDisk::SingleFile],关闭文件 D:\duoci\/testdata0.bin
[03-08 17:35:16.034]written = 76800000

[03-08 17:35:16.039][ThreadFileToDisk::SingleFile],关闭文件 D:\duoci\/testdata1.bin
[03-08 17:35:16.980]remain_size is 1302528

[03-08 17:35:16.980]break 
[03-08 17:35:17.023]written = 76800000

[03-08 17:35:17.026][ThreadFileToDisk::SingleFile],关闭文件 D:\duoci\/testdata2.bin
[03-08 17:35:18.030]written = 76800000

[03-08 17:35:18.033][ThreadFileToDisk::SingleFile],关闭文件 D:\duoci\/testdata3.bin
[03-08 17:35:18.983]remain_size is 1302528

[03-08 17:35:18.983]break 
[03-08 17:35:19.022]written = 76800000

[03-08 17:35:19.028][ThreadFileToDisk::SingleFile],关闭文件 D:\duoci\/testdata4.bin
[03-08 17:35:20.040]written = 76800000

[03-08 17:35:20.042][ThreadFileToDisk::SingleFile],关闭文件 D:\duoci\/testdata5.bin
[03-08 17:35:20.983]remain_size is 1302528

[03-08 17:35:20.983]break 
[03-08 17:35:21.030]written = 76800000

[03-08 17:35:21.033][ThreadFileToDisk::SingleFile],关闭文件 D:\duoci\/testdata6.bin
[03-08 17:35:22.040]written = 76800000

[03-08 17:35:22.043][ThreadFileToDisk::SingleFile],关闭文件 D:\duoci\/testdata7.bin
[03-08 17:35:22.984]remain_size is 1302528

[03-08 17:35:22.984]break 
[03-08 17:35:23.024]written = 76800000

[03-08 17:35:23.027][ThreadFileToDisk::SingleFile],关闭文件 D:\duoci\/testdata8.bin
[03-08 17:35:24.020]written = 76800000

[03-08 17:35:24.027][ThreadFileToDisk::SingleFile],关闭文件 D:\duoci\/testdata9.bin
[03-08 17:35:24.980]remain_size is 1302528

[03-08 17:35:24.980]break 
[03-08 17:35:25.021]written = 76800000

[03-08 17:35:25.025][ThreadFileToDisk::SingleFile],关闭文件 D:\duoci\/testdata10.bin
[03-08 17:35:26.027]written = 76800000

[03-08 17:35:26.030][ThreadFileToDisk::SingleFile],关闭文件 D:\duoci\/testdata11.bin
[03-08 17:35:26.980]remain_size is 1302528

[03-08 17:35:26.980]break 
[03-08 17:35:27.032]written = 76800000

[03-08 17:35:27.035][ThreadFileToDisk::SingleFile],关闭文件 D:\duoci\/testdata12.bin
[03-08 17:35:28.038]written = 76800000

[03-08 17:35:28.041][ThreadFileToDisk::SingleFile],关闭文件 D:\duoci\/testdata13.bin
[03-08 17:38:03.124][ThreadFileToDisk::PushFreeToList], push free buffer...m_freeList size is 0
[03-08 17:38:03.136][ThreadFileToDisk::PushFreeToList], push free buffer...m_freeList size is 1
[03-08 17:38:03.149][ThreadFileToDisk::PushFreeToList], push free buffer...m_freeList size is 2
[03-08 17:38:03.160][ThreadFileToDisk::PushFreeToList], push free buffer...m_freeList size is 3
[03-08 17:38:03.172][ThreadFileToDisk::PushFreeToList], push free buffer...m_freeList size is 4
[03-08 17:38:03.183][ThreadFileToDisk::PushFreeToList], push free buffer...m_freeList size is 5
[03-08 17:38:03.194][ThreadFileToDisk::PushFreeToList], push free buffer...m_freeList size is 6
[03-08 17:38:03.205][ThreadFileToDisk::PushFreeToList], push free buffer...m_freeList size is 7
[03-08 17:38:03.217][ThreadFileToDisk::PushFreeToList], push free buffer...m_freeList size is 8
[03-08 17:38:03.229][ThreadFileToDisk::PushFreeToList], push free buffer...m_freeList size is 9
[03-08 17:38:03.240][ThreadFileToDisk::PushFreeToList], push free buffer...m_freeList size is 10
[03-08 17:38:03.251][ThreadFileToDisk::PushFreeToList], push free buffer...m_freeList size is 11
[03-08 17:38:03.263][ThreadFileToDisk::PushFreeToList], push free buffer...m_freeList size is 12
[03-08 17:38:03.274][ThreadFileToDisk::PushFreeToList], push free buffer...m_freeList size is 13
[03-08 17:38:03.285][ThreadFileToDisk::PushFreeToList], push free buffer...m_freeList size is 14
[03-08 17:38:03.296][ThreadFileToDisk::PushFreeToList], push free buffer...m_freeList size is 15
[03-08 17:38:03.307][ThreadFileToDisk::PushFreeToList], push free buffer...m_freeList size is 16
[03-08 17:38:03.318][ThreadFileToDisk::PushFreeToList], push free buffer...m_freeList size is 17
[03-08 17:38:03.329][ThreadFileToDisk::PushFreeToList], push free buffer...m_freeList size is 18
[03-08 17:38:03.340][ThreadFileToDisk::PushFreeToList], push free buffer...m_freeList size is 19
[03-08 17:38:03.352][ThreadFileToDisk::PushFreeToList], push free buffer...m_freeList size is 20
[03-08 17:38:03.363][ThreadFileToDisk::PushFreeToList], push free buffer...m_freeList size is 21
[03-08 17:38:03.375][ThreadFileToDisk::PushFreeToList], push free buffer...m_freeList size is 22
[03-08 17:38:03.386][ThreadFileToDisk::PushFreeToList], push free buffer...m_freeList size is 23
[03-08 17:38:03.398][ThreadFileToDisk::PushFreeToList], push free buffer...m_freeList size is 24
[03-08 17:38:03.410][ThreadFileToDisk::PushFreeToList], push free buffer...m_freeList size is 25
[03-08 17:38:03.421][ThreadFileToDisk::PushFreeToList], push free buffer...m_freeList size is 26
[03-08 17:38:03.433][ThreadFileToDisk::PushFreeToList], push free buffer...m_freeList size is 27
[03-08 17:38:03.445][ThreadFileToDisk::PushFreeToList], push free buffer...m_freeList size is 28
[03-08 17:38:03.456][ThreadFileToDisk::PushFreeToList], push free buffer...m_freeList size is 29
[03-08 17:38:03.468][ThreadFileToDisk::PushFreeToList], push free buffer...m_freeList size is 30
[03-08 17:38:03.478][ThreadFileToDisk::PushFreeToList], push free buffer...m_freeList size is 31
[03-08 17:38:03.490][ThreadFileToDisk::PushFreeToList], push free buffer...m_freeList size is 32
[03-08 17:38:03.501][ThreadFileToDisk::PushFreeToList], push free buffer...m_freeList size is 33
[03-08 17:38:03.512][ThreadFileToDisk::PushFreeToList], push free buffer...m_freeList size is 34
[03-08 17:38:03.524][ThreadFileToDisk::PushFreeToList], push free buffer...m_freeList size is 35
[03-08 17:38:03.535][ThreadFileToDisk::PushFreeToList], push free buffer...m_freeList size is 36
[03-08 17:38:03.547][ThreadFileToDisk::PushFreeToList], push free buffer...m_freeList size is 37
[03-08 17:38:03.557][ThreadFileToDisk::PushFreeToList], push free buffer...m_freeList size is 38
[03-08 17:38:03.569][ThreadFileToDisk::PushFreeToList], push free buffer...m_freeList size is 39
[03-08 17:38:03.579][ThreadFileToDisk::PushFreeToList], push free buffer...m_freeList size is 40
[03-08 17:38:03.590][ThreadFileToDisk::PushFreeToList], push free buffer...m_freeList size is 41
[03-08 17:38:03.601][ThreadFileToDisk::PushFreeToList], push free buffer...m_freeList size is 42
[03-08 17:38:03.612][ThreadFileToDisk::PushFreeToList], push free buffer...m_freeList size is 43
[03-08 17:38:03.624][ThreadFileToDisk::PushFreeToList], push free buffer...m_freeList size is 44
[03-08 17:38:03.635][ThreadFileToDisk::PushFreeToList], push free buffer...m_freeList size is 45
[03-08 17:38:03.647][ThreadFileToDisk::PushFreeToList], push free buffer...m_freeList size is 46
[03-08 17:38:03.659][ThreadFileToDisk::PushFreeToList], push free buffer...m_freeList size is 47
[03-08 17:38:03.671][ThreadFileToDisk::PushFreeToList], push free buffer...m_freeList size is 48
[03-08 17:38:03.682][ThreadFileToDisk::PushFreeToList], push free buffer...m_freeList size is 49
[03-08 17:38:03.695][ThreadFileToDisk::PushFreeToList], push free buffer...m_freeList size is 50
[03-08 17:38:03.706][ThreadFileToDisk::PushFreeToList], push free buffer...m_freeList size is 51
[03-08 17:38:03.718][ThreadFileToDisk::PushFreeToList], push free buffer...m_freeList size is 52
[03-08 17:38:03.730][ThreadFileToDisk::PushFreeToList], push free buffer...m_freeList size is 53
[03-08 17:38:03.741][ThreadFileToDisk::PushFreeToList], push free buffer...m_freeList size is 54
[03-08 17:38:03.752][ThreadFileToDisk::PushFreeToList], push free buffer...m_freeList size is 55
[03-08 17:38:03.763][ThreadFileToDisk::PushFreeToList], push free buffer...m_freeList size is 56
[03-08 17:38:03.775][ThreadFileToDisk::PushFreeToList], push free buffer...m_freeList size is 57
[03-08 17:38:03.786][ThreadFileToDisk::PushFreeToList], push free buffer...m_freeList size is 58
[03-08 17:38:03.799][ThreadFileToDisk::PushFreeToList], push free buffer...m_freeList size is 59
[03-08 17:38:03.810][ThreadFileToDisk::PushFreeToList], push free buffer...m_freeList size is 60
[03-08 17:38:03.821][ThreadFileToDisk::PushFreeToList], push free buffer...m_freeList size is 61
[03-08 17:38:03.833][ThreadFileToDisk::PushFreeToList], push free buffer...m_freeList size is 62
[03-08 17:38:03.844][ThreadFileToDisk::PushFreeToList], push free buffer...m_freeList size is 63
[03-08 17:38:03.855][ThreadFileToDisk::PushFreeToList], push free buffer...m_freeList size is 64
[03-08 17:38:03.867][ThreadFileToDisk::PushFreeToList], push free buffer...m_freeList size is 65
[03-08 17:38:03.877][ThreadFileToDisk::PushFreeToList], push free buffer...m_freeList size is 66
[03-08 17:38:03.889][ThreadFileToDisk::PushFreeToList], push free buffer...m_freeList size is 67
[03-08 17:38:03.899][ThreadFileToDisk::PushFreeToList], push free buffer...m_freeList size is 68
[03-08 17:38:03.910][ThreadFileToDisk::PushFreeToList], push free buffer...m_freeList size is 69
[03-08 17:38:03.920][ThreadFileToDisk::PushFreeToList], push free buffer...m_freeList size is 70
[03-08 17:38:03.932][ThreadFileToDisk::PushFreeToList], push free buffer...m_freeList size is 71
[03-08 17:38:03.943][ThreadFileToDisk::PushFreeToList], push free buffer...m_freeList size is 72
[03-08 17:38:03.954][ThreadFileToDisk::PushFreeToList], push free buffer...m_freeList size is 73
[03-08 17:38:03.965][ThreadFileToDisk::PushFreeToList], push free buffer...m_freeList size is 74
[03-08 17:38:03.975][ThreadFileToDisk::PushFreeToList], push free buffer...m_freeList size is 75
[03-08 17:38:03.986][ThreadFileToDisk::PushFreeToList], push free buffer...m_freeList size is 76
[03-08 17:38:03.996][ThreadFileToDisk::PushFreeToList], push free buffer...m_freeList size is 77
[03-08 17:38:04.007][ThreadFileToDisk::PushFreeToList], push free buffer...m_freeList size is 78
[03-08 17:38:04.017][ThreadFileToDisk::PushFreeToList], push free buffer...m_freeList size is 79
[03-08 17:38:04.027][ThreadFileToDisk::PushFreeToList], push free buffer...m_freeList size is 80
[03-08 17:38:04.038][ThreadFileToDisk::PushFreeToList], push free buffer...m_freeList size is 81
[03-08 17:38:04.049][ThreadFileToDisk::PushFreeToList], push free buffer...m_freeList size is 82
[03-08 17:38:04.060][ThreadFileToDisk::PushFreeToList], push free buffer...m_freeList size is 83
[03-08 17:38:04.070][ThreadFileToDisk::PushFreeToList], push free buffer...m_freeList size is 84
[03-08 17:38:04.081][ThreadFileToDisk::PushFreeToList], push free buffer...m_freeList size is 85
[03-08 17:38:04.092][ThreadFileToDisk::PushFreeToList], push free buffer...m_freeList size is 86
[03-08 17:38:04.102][ThreadFileToDisk::PushFreeToList], push free buffer...m_freeList size is 87
[03-08 17:38:04.113][ThreadFileToDisk::PushFreeToList], push free buffer...m_freeList size is 88
[03-08 17:38:04.124][ThreadFileToDisk::PushFreeToList], push free buffer...m_freeList size is 89
[03-08 17:38:04.134][ThreadFileToDisk::PushFreeToList], push free buffer...m_freeList size is 90
[03-08 17:38:04.145][ThreadFileToDisk::PushFreeToList], push free buffer...m_freeList size is 91
[03-08 17:38:04.156][ThreadFileToDisk::PushFreeToList], push free buffer...m_freeList size is 92
[03-08 17:38:04.167][ThreadFileToDisk::PushFreeToList], push free buffer...m_freeList size is 93
[03-08 17:38:04.178][ThreadFileToDisk::PushFreeToList], push free buffer...m_freeList size is 94
[03-08 17:38:04.189][ThreadFileToDisk::PushFreeToList], push free buffer...m_freeList size is 95
[03-08 17:38:04.198][ThreadFileToDisk::PushFreeToList], push free buffer...m_freeList size is 96
[03-08 17:38:04.209][ThreadFileToDisk::PushFreeToList], push free buffer...m_freeList size is 97
[03-08 17:38:04.220][ThreadFileToDisk::PushFreeToList], push free buffer...m_freeList size is 98
[03-08 17:38:04.231][ThreadFileToDisk::PushFreeToList], push free buffer...m_freeList size is 99
[03-08 17:38:11.264]remain_size is 1302528

[03-08 17:38:11.264]break 
[03-08 17:38:11.316]written = 76800000

[03-08 17:38:11.319][ThreadFileToDisk::SingleFile],关闭文件 D:\duoci\/testdata0.bin
[03-08 17:38:12.304]written = 76800000

[03-08 17:38:12.308][ThreadFileToDisk::SingleFile],关闭文件 D:\duoci\/testdata1.bin
[03-08 17:38:13.255]remain_size is 1302528

[03-08 17:38:13.255]break 
[03-08 17:38:13.312]written = 76800000

[03-08 17:38:13.315][ThreadFileToDisk::SingleFile],关闭文件 D:\duoci\/testdata2.bin
[03-08 17:38:14.312]written = 76800000

[03-08 17:38:14.315][ThreadFileToDisk::SingleFile],关闭文件 D:\duoci\/testdata3.bin
[03-08 17:38:15.258]remain_size is 1302528

[03-08 17:38:15.258]break 
[03-08 17:38:15.299]written = 76800000

[03-08 17:38:15.301][ThreadFileToDisk::SingleFile],关闭文件 D:\duoci\/testdata4.bin
[03-08 17:38:16.309]written = 76800000

[03-08 17:38:16.312][ThreadFileToDisk::SingleFile],关闭文件 D:\duoci\/testdata5.bin
[03-08 17:38:17.256]remain_size is 1302528

[03-08 17:38:17.256]break 
[03-08 17:38:17.306]written = 76800000

[03-08 17:38:17.310][ThreadFileToDisk::SingleFile],关闭文件 D:\duoci\/testdata6.bin
[03-08 17:38:18.294]written = 76800000

[03-08 17:38:18.297][ThreadFileToDisk::SingleFile],关闭文件 D:\duoci\/testdata7.bin
[03-08 17:38:19.252]remain_size is 1302528

[03-08 17:38:19.252]break 
[03-08 17:38:19.301]written = 76800000

[03-08 17:38:19.304][ThreadFileToDisk::SingleFile],关闭文件 D:\duoci\/testdata8.bin
[03-08 17:38:20.295]written = 76800000

[03-08 17:38:20.300][ThreadFileToDisk::SingleFile],关闭文件 D:\duoci\/testdata9.bin
[03-08 17:38:21.255]remain_size is 1302528

[03-08 17:38:21.255]break 
[03-08 17:38:21.309]written = 76800000

[03-08 17:38:21.312][ThreadFileToDisk::SingleFile],关闭文件 D:\duoci\/testdata10.bin
[03-08 17:38:22.293]written = 76800000

[03-08 17:38:22.296][ThreadFileToDisk::SingleFile],关闭文件 D:\duoci\/testdata11.bin
[03-08 17:38:23.259]remain_size is 1302528

[03-08 17:38:23.259]break 
[03-08 17:38:23.313]written = 76800000

[03-08 17:38:23.316][ThreadFileToDisk::SingleFile],关闭文件 D:\duoci\/testdata12.bin
[03-08 17:38:24.296]written = 76800000

[03-08 17:38:24.299][ThreadFileToDisk::SingleFile],关闭文件 D:\duoci\/testdata13.bin
[03-08 17:38:25.252]remain_size is 1302528

[03-08 17:38:25.252]break 
[03-08 17:38:25.300]written = 76800000

[03-08 17:38:25.303][ThreadFileToDisk::SingleFile],关闭文件 D:\duoci\/testdata14.bin
[03-08 17:38:26.304]written = 76800000

[03-08 17:38:26.307][ThreadFileToDisk::SingleFile],关闭文件 D:\duoci\/testdata15.bin
[03-08 17:39:05.566][ThreadFileToDisk::PushFreeToList], push free buffer...m_freeList size is 0
[03-08 17:39:05.578][ThreadFileToDisk::PushFreeToList], push free buffer...m_freeList size is 1
[03-08 17:39:05.590][ThreadFileToDisk::PushFreeToList], push free buffer...m_freeList size is 2
[03-08 17:39:05.600][ThreadFileToDisk::PushFreeToList], push free buffer...m_freeList size is 3
[03-08 17:39:05.612][ThreadFileToDisk::PushFreeToList], push free buffer...m_freeList size is 4
[03-08 17:39:05.624][ThreadFileToDisk::PushFreeToList], push free buffer...m_freeList size is 5
[03-08 17:39:05.635][ThreadFileToDisk::PushFreeToList], push free buffer...m_freeList size is 6
[03-08 17:39:05.646][ThreadFileToDisk::PushFreeToList], push free buffer...m_freeList size is 7
[03-08 17:39:05.658][ThreadFileToDisk::PushFreeToList], push free buffer...m_freeList size is 8
[03-08 17:39:05.670][ThreadFileToDisk::PushFreeToList], push free buffer...m_freeList size is 9
[03-08 17:39:05.681][ThreadFileToDisk::PushFreeToList], push free buffer...m_freeList size is 10
[03-08 17:39:05.692][ThreadFileToDisk::PushFreeToList], push free buffer...m_freeList size is 11
[03-08 17:39:05.704][ThreadFileToDisk::PushFreeToList], push free buffer...m_freeList size is 12
[03-08 17:39:05.716][ThreadFileToDisk::PushFreeToList], push free buffer...m_freeList size is 13
[03-08 17:39:05.728][ThreadFileToDisk::PushFreeToList], push free buffer...m_freeList size is 14
[03-08 17:39:05.740][ThreadFileToDisk::PushFreeToList], push free buffer...m_freeList size is 15
[03-08 17:39:05.752][ThreadFileToDisk::PushFreeToList], push free buffer...m_freeList size is 16
[03-08 17:39:05.765][ThreadFileToDisk::PushFreeToList], push free buffer...m_freeList size is 17
[03-08 17:39:05.777][ThreadFileToDisk::PushFreeToList], push free buffer...m_freeList size is 18
[03-08 17:39:05.789][ThreadFileToDisk::PushFreeToList], push free buffer...m_freeList size is 19
[03-08 17:39:05.800][ThreadFileToDisk::PushFreeToList], push free buffer...m_freeList size is 20
[03-08 17:39:05.812][ThreadFileToDisk::PushFreeToList], push free buffer...m_freeList size is 21
[03-08 17:39:05.823][ThreadFileToDisk::PushFreeToList], push free buffer...m_freeList size is 22
[03-08 17:39:05.835][ThreadFileToDisk::PushFreeToList], push free buffer...m_freeList size is 23
[03-08 17:39:05.846][ThreadFileToDisk::PushFreeToList], push free buffer...m_freeList size is 24
[03-08 17:39:05.857][ThreadFileToDisk::PushFreeToList], push free buffer...m_freeList size is 25
[03-08 17:39:05.868][ThreadFileToDisk::PushFreeToList], push free buffer...m_freeList size is 26
[03-08 17:39:05.879][ThreadFileToDisk::PushFreeToList], push free buffer...m_freeList size is 27
[03-08 17:39:05.892][ThreadFileToDisk::PushFreeToList], push free buffer...m_freeList size is 28
[03-08 17:39:05.904][ThreadFileToDisk::PushFreeToList], push free buffer...m_freeList size is 29
[03-08 17:39:05.915][ThreadFileToDisk::PushFreeToList], push free buffer...m_freeList size is 30
[03-08 17:39:05.927][ThreadFileToDisk::PushFreeToList], push free buffer...m_freeList size is 31
[03-08 17:39:05.939][ThreadFileToDisk::PushFreeToList], push free buffer...m_freeList size is 32
[03-08 17:39:05.950][ThreadFileToDisk::PushFreeToList], push free buffer...m_freeList size is 33
[03-08 17:39:05.963][ThreadFileToDisk::PushFreeToList], push free buffer...m_freeList size is 34
[03-08 17:39:05.974][ThreadFileToDisk::PushFreeToList], push free buffer...m_freeList size is 35
[03-08 17:39:05.986][ThreadFileToDisk::PushFreeToList], push free buffer...m_freeList size is 36
[03-08 17:39:05.997][ThreadFileToDisk::PushFreeToList], push free buffer...m_freeList size is 37
[03-08 17:39:06.008][ThreadFileToDisk::PushFreeToList], push free buffer...m_freeList size is 38
[03-08 17:39:06.019][ThreadFileToDisk::PushFreeToList], push free buffer...m_freeList size is 39
[03-08 17:39:06.031][ThreadFileToDisk::PushFreeToList], push free buffer...m_freeList size is 40
[03-08 17:39:06.042][ThreadFileToDisk::PushFreeToList], push free buffer...m_freeList size is 41
[03-08 17:39:06.053][ThreadFileToDisk::PushFreeToList], push free buffer...m_freeList size is 42
[03-08 17:39:06.064][ThreadFileToDisk::PushFreeToList], push free buffer...m_freeList size is 43
[03-08 17:39:06.076][ThreadFileToDisk::PushFreeToList], push free buffer...m_freeList size is 44
[03-08 17:39:06.087][ThreadFileToDisk::PushFreeToList], push free buffer...m_freeList size is 45
[03-08 17:39:06.098][ThreadFileToDisk::PushFreeToList], push free buffer...m_freeList size is 46
[03-08 17:39:06.110][ThreadFileToDisk::PushFreeToList], push free buffer...m_freeList size is 47
[03-08 17:39:06.121][ThreadFileToDisk::PushFreeToList], push free buffer...m_freeList size is 48
[03-08 17:39:06.133][ThreadFileToDisk::PushFreeToList], push free buffer...m_freeList size is 49
[03-08 17:39:06.143][ThreadFileToDisk::PushFreeToList], push free buffer...m_freeList size is 50
[03-08 17:39:06.155][ThreadFileToDisk::PushFreeToList], push free buffer...m_freeList size is 51
[03-08 17:39:06.166][ThreadFileToDisk::PushFreeToList], push free buffer...m_freeList size is 52
[03-08 17:39:06.177][ThreadFileToDisk::PushFreeToList], push free buffer...m_freeList size is 53
[03-08 17:39:06.189][ThreadFileToDisk::PushFreeToList], push free buffer...m_freeList size is 54
[03-08 17:39:06.200][ThreadFileToDisk::PushFreeToList], push free buffer...m_freeList size is 55
[03-08 17:39:06.211][ThreadFileToDisk::PushFreeToList], push free buffer...m_freeList size is 56
[03-08 17:39:06.222][ThreadFileToDisk::PushFreeToList], push free buffer...m_freeList size is 57
[03-08 17:39:06.234][ThreadFileToDisk::PushFreeToList], push free buffer...m_freeList size is 58
[03-08 17:39:06.245][ThreadFileToDisk::PushFreeToList], push free buffer...m_freeList size is 59
[03-08 17:39:06.257][ThreadFileToDisk::PushFreeToList], push free buffer...m_freeList size is 60
[03-08 17:39:06.269][ThreadFileToDisk::PushFreeToList], push free buffer...m_freeList size is 61
[03-08 17:39:06.280][ThreadFileToDisk::PushFreeToList], push free buffer...m_freeList size is 62
[03-08 17:39:06.290][ThreadFileToDisk::PushFreeToList], push free buffer...m_freeList size is 63
[03-08 17:39:06.301][ThreadFileToDisk::PushFreeToList], push free buffer...m_freeList size is 64
[03-08 17:39:06.312][ThreadFileToDisk::PushFreeToList], push free buffer...m_freeList size is 65
[03-08 17:39:06.322][ThreadFileToDisk::PushFreeToList], push free buffer...m_freeList size is 66
[03-08 17:39:06.334][ThreadFileToDisk::PushFreeToList], push free buffer...m_freeList size is 67
[03-08 17:39:06.344][ThreadFileToDisk::PushFreeToList], push free buffer...m_freeList size is 68
[03-08 17:39:06.355][ThreadFileToDisk::PushFreeToList], push free buffer...m_freeList size is 69
[03-08 17:39:06.365][ThreadFileToDisk::PushFreeToList], push free buffer...m_freeList size is 70
[03-08 17:39:06.376][ThreadFileToDisk::PushFreeToList], push free buffer...m_freeList size is 71
[03-08 17:39:06.387][ThreadFileToDisk::PushFreeToList], push free buffer...m_freeList size is 72
[03-08 17:39:06.398][ThreadFileToDisk::PushFreeToList], push free buffer...m_freeList size is 73
[03-08 17:39:06.409][ThreadFileToDisk::PushFreeToList], push free buffer...m_freeList size is 74
[03-08 17:39:06.419][ThreadFileToDisk::PushFreeToList], push free buffer...m_freeList size is 75
[03-08 17:39:06.430][ThreadFileToDisk::PushFreeToList], push free buffer...m_freeList size is 76
[03-08 17:39:06.440][ThreadFileToDisk::PushFreeToList], push free buffer...m_freeList size is 77
[03-08 17:39:06.453][ThreadFileToDisk::PushFreeToList], push free buffer...m_freeList size is 78
[03-08 17:39:06.464][ThreadFileToDisk::PushFreeToList], push free buffer...m_freeList size is 79
[03-08 17:39:06.474][ThreadFileToDisk::PushFreeToList], push free buffer...m_freeList size is 80
[03-08 17:39:06.485][ThreadFileToDisk::PushFreeToList], push free buffer...m_freeList size is 81
[03-08 17:39:06.494][ThreadFileToDisk::PushFreeToList], push free buffer...m_freeList size is 82
[03-08 17:39:06.505][ThreadFileToDisk::PushFreeToList], push free buffer...m_freeList size is 83
[03-08 17:39:06.515][ThreadFileToDisk::PushFreeToList], push free buffer...m_freeList size is 84
[03-08 17:39:06.526][ThreadFileToDisk::PushFreeToList], push free buffer...m_freeList size is 85
[03-08 17:39:06.536][ThreadFileToDisk::PushFreeToList], push free buffer...m_freeList size is 86
[03-08 17:39:06.547][ThreadFileToDisk::PushFreeToList], push free buffer...m_freeList size is 87
[03-08 17:39:06.557][ThreadFileToDisk::PushFreeToList], push free buffer...m_freeList size is 88
[03-08 17:39:06.568][ThreadFileToDisk::PushFreeToList], push free buffer...m_freeList size is 89
[03-08 17:39:06.579][ThreadFileToDisk::PushFreeToList], push free buffer...m_freeList size is 90
[03-08 17:39:06.591][ThreadFileToDisk::PushFreeToList], push free buffer...m_freeList size is 91
[03-08 17:39:06.602][ThreadFileToDisk::PushFreeToList], push free buffer...m_freeList size is 92
[03-08 17:39:06.614][ThreadFileToDisk::PushFreeToList], push free buffer...m_freeList size is 93
[03-08 17:39:06.625][ThreadFileToDisk::PushFreeToList], push free buffer...m_freeList size is 94
[03-08 17:39:06.636][ThreadFileToDisk::PushFreeToList], push free buffer...m_freeList size is 95
[03-08 17:39:06.646][ThreadFileToDisk::PushFreeToList], push free buffer...m_freeList size is 96
[03-08 17:39:06.658][ThreadFileToDisk::PushFreeToList], push free buffer...m_freeList size is 97
[03-08 17:39:06.669][ThreadFileToDisk::PushFreeToList], push free buffer...m_freeList size is 98
[03-08 17:39:06.679][ThreadFileToDisk::PushFreeToList], push free buffer...m_freeList size is 99
[03-08 17:39:12.819]remain_size is 1302528

[03-08 17:39:12.819]break 
[03-08 17:39:12.873]written = 76800000

[03-08 17:39:12.876][ThreadFileToDisk::SingleFile],关闭文件 D:\duoci\/testdata0.bin
[03-08 17:39:13.850]written = 76800000

[03-08 17:39:13.858][ThreadFileToDisk::SingleFile],关闭文件 D:\duoci\/testdata1.bin
[03-08 17:39:14.798]remain_size is 1302528

[03-08 17:39:14.798]break 
[03-08 17:39:14.843]written = 76800000

[03-08 17:39:14.845][ThreadFileToDisk::SingleFile],关闭文件 D:\duoci\/testdata2.bin
[03-08 17:39:15.845]written = 76800000

[03-08 17:39:15.854][ThreadFileToDisk::SingleFile],关闭文件 D:\duoci\/testdata3.bin
[03-08 17:39:16.802]remain_size is 1302528

[03-08 17:39:16.802]break 
[03-08 17:39:16.845]written = 76800000

[03-08 17:39:16.848][ThreadFileToDisk::SingleFile],关闭文件 D:\duoci\/testdata4.bin
[03-08 17:39:17.839]written = 76800000

[03-08 17:39:17.847][ThreadFileToDisk::SingleFile],关闭文件 D:\duoci\/testdata5.bin
[03-08 17:39:18.796]remain_size is 1302528

[03-08 17:39:18.796]break 
[03-08 17:39:18.840]written = 76800000

[03-08 17:39:18.843][ThreadFileToDisk::SingleFile],关闭文件 D:\duoci\/testdata6.bin
[03-08 17:39:19.848]written = 76800000

[03-08 17:39:19.851][ThreadFileToDisk::SingleFile],关闭文件 D:\duoci\/testdata7.bin
[03-08 17:39:20.796]remain_size is 1302528

[03-08 17:39:20.796]break 
[03-08 17:39:20.838]written = 76800000

[03-08 17:39:20.848][ThreadFileToDisk::SingleFile],关闭文件 D:\duoci\/testdata8.bin
[03-08 17:39:21.852]written = 76800000

[03-08 17:39:21.855][ThreadFileToDisk::SingleFile],关闭文件 D:\duoci\/testdata9.bin
[03-08 17:39:22.796]remain_size is 1302528

[03-08 17:39:22.796]break 
[03-08 17:39:22.850]written = 76800000

[03-08 17:39:22.853][ThreadFileToDisk::SingleFile],关闭文件 D:\duoci\/testdata10.bin
[03-08 17:39:23.848]written = 76800000

[03-08 17:39:23.851][ThreadFileToDisk::SingleFile],关闭文件 D:\duoci\/testdata11.bin
[03-08 17:39:24.796]remain_size is 1302528

[03-08 17:39:24.796]break 
[03-08 17:39:24.842]written = 76800000

[03-08 17:39:24.845][ThreadFileToDisk::SingleFile],关闭文件 D:\duoci\/testdata12.bin
[03-08 17:39:25.842]written = 76800000

[03-08 17:39:25.845][ThreadFileToDisk::SingleFile],关闭文件 D:\duoci\/testdata13.bin
[03-08 17:39:26.806]remain_size is 1302528

[03-08 17:39:26.806]break 
[03-08 17:39:26.860]written = 76800000

[03-08 17:39:26.863][ThreadFileToDisk::SingleFile],关闭文件 D:\duoci\/testdata14.bin
[03-08 17:39:27.841]written = 76800000

[03-08 17:39:27.848][ThreadFileToDisk::SingleFile],关闭文件 D:\duoci\/testdata15.bin
[03-08 17:39:28.796]remain_size is 1302528

[03-08 17:39:28.796]break 
[03-08 17:39:28.845]written = 76800000

[03-08 17:39:28.848][ThreadFileToDisk::SingleFile],关闭文件 D:\duoci\/testdata16.bin
[03-08 17:39:29.840]written = 76800000

[03-08 17:39:29.843][ThreadFileToDisk::SingleFile],关闭文件 D:\duoci\/testdata17.bin
[03-08 17:39:31.865]remain_size is 1302528

[03-08 17:39:31.865]break 
[03-08 17:39:31.906]written = 76800000

[03-08 17:39:31.909][ThreadFileToDisk::SingleFile],关闭文件 D:\duoci\/testdata18.bin
[03-08 17:39:31.937]written = 76800000

[03-08 17:39:31.940][ThreadFileToDisk::SingleFile],关闭文件 D:\duoci\/testdata19.bin
[03-08 17:58:06.861][ThreadFileToDisk::PushFreeToList], push free buffer...m_freeList size is 0
[03-08 17:58:06.873][ThreadFileToDisk::PushFreeToList], push free buffer...m_freeList size is 1
[03-08 17:58:06.884][ThreadFileToDisk::PushFreeToList], push free buffer...m_freeList size is 2
[03-08 17:58:06.896][ThreadFileToDisk::PushFreeToList], push free buffer...m_freeList size is 3
[03-08 17:58:06.907][ThreadFileToDisk::PushFreeToList], push free buffer...m_freeList size is 4
[03-08 17:58:06.918][ThreadFileToDisk::PushFreeToList], push free buffer...m_freeList size is 5
[03-08 17:58:06.930][ThreadFileToDisk::PushFreeToList], push free buffer...m_freeList size is 6
[03-08 17:58:06.941][ThreadFileToDisk::PushFreeToList], push free buffer...m_freeList size is 7
[03-08 17:58:06.952][ThreadFileToDisk::PushFreeToList], push free buffer...m_freeList size is 8
[03-08 17:58:06.965][ThreadFileToDisk::PushFreeToList], push free buffer...m_freeList size is 9
[03-08 17:58:06.976][ThreadFileToDisk::PushFreeToList], push free buffer...m_freeList size is 10
[03-08 17:58:06.987][ThreadFileToDisk::PushFreeToList], push free buffer...m_freeList size is 11
[03-08 17:58:07.000][ThreadFileToDisk::PushFreeToList], push free buffer...m_freeList size is 12
[03-08 17:58:07.011][ThreadFileToDisk::PushFreeToList], push free buffer...m_freeList size is 13
[03-08 17:58:07.023][ThreadFileToDisk::PushFreeToList], push free buffer...m_freeList size is 14
[03-08 17:58:07.035][ThreadFileToDisk::PushFreeToList], push free buffer...m_freeList size is 15
[03-08 17:58:07.048][ThreadFileToDisk::PushFreeToList], push free buffer...m_freeList size is 16
[03-08 17:58:07.062][ThreadFileToDisk::PushFreeToList], push free buffer...m_freeList size is 17
[03-08 17:58:07.075][ThreadFileToDisk::PushFreeToList], push free buffer...m_freeList size is 18
[03-08 17:58:07.088][ThreadFileToDisk::PushFreeToList], push free buffer...m_freeList size is 19
[03-08 17:58:07.102][ThreadFileToDisk::PushFreeToList], push free buffer...m_freeList size is 20
[03-08 17:58:07.117][ThreadFileToDisk::PushFreeToList], push free buffer...m_freeList size is 21
[03-08 17:58:07.131][ThreadFileToDisk::PushFreeToList], push free buffer...m_freeList size is 22
[03-08 17:58:07.144][ThreadFileToDisk::PushFreeToList], push free buffer...m_freeList size is 23
[03-08 17:58:07.155][ThreadFileToDisk::PushFreeToList], push free buffer...m_freeList size is 24
[03-08 17:58:07.167][ThreadFileToDisk::PushFreeToList], push free buffer...m_freeList size is 25
[03-08 17:58:07.180][ThreadFileToDisk::PushFreeToList], push free buffer...m_freeList size is 26
[03-08 17:58:07.192][ThreadFileToDisk::PushFreeToList], push free buffer...m_freeList size is 27
[03-08 17:58:07.208][ThreadFileToDisk::PushFreeToList], push free buffer...m_freeList size is 28
[03-08 17:58:07.221][ThreadFileToDisk::PushFreeToList], push free buffer...m_freeList size is 29
[03-08 17:58:07.233][ThreadFileToDisk::PushFreeToList], push free buffer...m_freeList size is 30
[03-08 17:58:07.244][ThreadFileToDisk::PushFreeToList], push free buffer...m_freeList size is 31
[03-08 17:58:07.256][ThreadFileToDisk::PushFreeToList], push free buffer...m_freeList size is 32
[03-08 17:58:07.268][ThreadFileToDisk::PushFreeToList], push free buffer...m_freeList size is 33
[03-08 17:58:07.280][ThreadFileToDisk::PushFreeToList], push free buffer...m_freeList size is 34
[03-08 17:58:07.291][ThreadFileToDisk::PushFreeToList], push free buffer...m_freeList size is 35
[03-08 17:58:07.303][ThreadFileToDisk::PushFreeToList], push free buffer...m_freeList size is 36
[03-08 17:58:07.314][ThreadFileToDisk::PushFreeToList], push free buffer...m_freeList size is 37
[03-08 17:58:07.325][ThreadFileToDisk::PushFreeToList], push free buffer...m_freeList size is 38
[03-08 17:58:07.336][ThreadFileToDisk::PushFreeToList], push free buffer...m_freeList size is 39
[03-08 17:58:07.348][ThreadFileToDisk::PushFreeToList], push free buffer...m_freeList size is 40
[03-08 17:58:07.359][ThreadFileToDisk::PushFreeToList], push free buffer...m_freeList size is 41
[03-08 17:58:07.371][ThreadFileToDisk::PushFreeToList], push free buffer...m_freeList size is 42
[03-08 17:58:07.383][ThreadFileToDisk::PushFreeToList], push free buffer...m_freeList size is 43
[03-08 17:58:07.395][ThreadFileToDisk::PushFreeToList], push free buffer...m_freeList size is 44
[03-08 17:58:07.407][ThreadFileToDisk::PushFreeToList], push free buffer...m_freeList size is 45
[03-08 17:58:07.417][ThreadFileToDisk::PushFreeToList], push free buffer...m_freeList size is 46
[03-08 17:58:07.430][ThreadFileToDisk::PushFreeToList], push free buffer...m_freeList size is 47
[03-08 17:58:07.442][ThreadFileToDisk::PushFreeToList], push free buffer...m_freeList size is 48
[03-08 17:58:07.453][ThreadFileToDisk::PushFreeToList], push free buffer...m_freeList size is 49
[03-08 17:58:07.465][ThreadFileToDisk::PushFreeToList], push free buffer...m_freeList size is 50
[03-08 17:58:07.476][ThreadFileToDisk::PushFreeToList], push free buffer...m_freeList size is 51
[03-08 17:58:07.487][ThreadFileToDisk::PushFreeToList], push free buffer...m_freeList size is 52
[03-08 17:58:07.498][ThreadFileToDisk::PushFreeToList], push free buffer...m_freeList size is 53
[03-08 17:58:07.509][ThreadFileToDisk::PushFreeToList], push free buffer...m_freeList size is 54
[03-08 17:58:07.520][ThreadFileToDisk::PushFreeToList], push free buffer...m_freeList size is 55
[03-08 17:58:07.532][ThreadFileToDisk::PushFreeToList], push free buffer...m_freeList size is 56
[03-08 17:58:07.543][ThreadFileToDisk::PushFreeToList], push free buffer...m_freeList size is 57
[03-08 17:58:07.554][ThreadFileToDisk::PushFreeToList], push free buffer...m_freeList size is 58
[03-08 17:58:07.566][ThreadFileToDisk::PushFreeToList], push free buffer...m_freeList size is 59
[03-08 17:58:07.578][ThreadFileToDisk::PushFreeToList], push free buffer...m_freeList size is 60
[03-08 17:58:07.590][ThreadFileToDisk::PushFreeToList], push free buffer...m_freeList size is 61
[03-08 17:58:07.602][ThreadFileToDisk::PushFreeToList], push free buffer...m_freeList size is 62
[03-08 17:58:07.613][ThreadFileToDisk::PushFreeToList], push free buffer...m_freeList size is 63
[03-08 17:58:07.624][ThreadFileToDisk::PushFreeToList], push free buffer...m_freeList size is 64
[03-08 17:58:07.635][ThreadFileToDisk::PushFreeToList], push free buffer...m_freeList size is 65
[03-08 17:58:07.647][ThreadFileToDisk::PushFreeToList], push free buffer...m_freeList size is 66
[03-08 17:58:07.658][ThreadFileToDisk::PushFreeToList], push free buffer...m_freeList size is 67
[03-08 17:58:07.668][ThreadFileToDisk::PushFreeToList], push free buffer...m_freeList size is 68
[03-08 17:58:07.679][ThreadFileToDisk::PushFreeToList], push free buffer...m_freeList size is 69
[03-08 17:58:07.690][ThreadFileToDisk::PushFreeToList], push free buffer...m_freeList size is 70
[03-08 17:58:07.701][ThreadFileToDisk::PushFreeToList], push free buffer...m_freeList size is 71
[03-08 17:58:07.713][ThreadFileToDisk::PushFreeToList], push free buffer...m_freeList size is 72
[03-08 17:58:07.724][ThreadFileToDisk::PushFreeToList], push free buffer...m_freeList size is 73
[03-08 17:58:07.735][ThreadFileToDisk::PushFreeToList], push free buffer...m_freeList size is 74
[03-08 17:58:07.746][ThreadFileToDisk::PushFreeToList], push free buffer...m_freeList size is 75
[03-08 17:58:07.757][ThreadFileToDisk::PushFreeToList], push free buffer...m_freeList size is 76
[03-08 17:58:07.769][ThreadFileToDisk::PushFreeToList], push free buffer...m_freeList size is 77
[03-08 17:58:07.780][ThreadFileToDisk::PushFreeToList], push free buffer...m_freeList size is 78
[03-08 17:58:07.790][ThreadFileToDisk::PushFreeToList], push free buffer...m_freeList size is 79
[03-08 17:58:07.802][ThreadFileToDisk::PushFreeToList], push free buffer...m_freeList size is 80
[03-08 17:58:07.813][ThreadFileToDisk::PushFreeToList], push free buffer...m_freeList size is 81
[03-08 17:58:07.824][ThreadFileToDisk::PushFreeToList], push free buffer...m_freeList size is 82
[03-08 17:58:07.835][ThreadFileToDisk::PushFreeToList], push free buffer...m_freeList size is 83
[03-08 17:58:07.846][ThreadFileToDisk::PushFreeToList], push free buffer...m_freeList size is 84
[03-08 17:58:07.857][ThreadFileToDisk::PushFreeToList], push free buffer...m_freeList size is 85
[03-08 17:58:07.869][ThreadFileToDisk::PushFreeToList], push free buffer...m_freeList size is 86
[03-08 17:58:07.880][ThreadFileToDisk::PushFreeToList], push free buffer...m_freeList size is 87
[03-08 17:58:07.891][ThreadFileToDisk::PushFreeToList], push free buffer...m_freeList size is 88
[03-08 17:58:07.903][ThreadFileToDisk::PushFreeToList], push free buffer...m_freeList size is 89
[03-08 17:58:07.913][ThreadFileToDisk::PushFreeToList], push free buffer...m_freeList size is 90
[03-08 17:58:07.924][ThreadFileToDisk::PushFreeToList], push free buffer...m_freeList size is 91
[03-08 17:58:07.936][ThreadFileToDisk::PushFreeToList], push free buffer...m_freeList size is 92
[03-08 17:58:07.946][ThreadFileToDisk::PushFreeToList], push free buffer...m_freeList size is 93
[03-08 17:58:07.957][ThreadFileToDisk::PushFreeToList], push free buffer...m_freeList size is 94
[03-08 17:58:07.968][ThreadFileToDisk::PushFreeToList], push free buffer...m_freeList size is 95
[03-08 17:58:07.979][ThreadFileToDisk::PushFreeToList], push free buffer...m_freeList size is 96
[03-08 17:58:07.989][ThreadFileToDisk::PushFreeToList], push free buffer...m_freeList size is 97
[03-08 17:58:08.000][ThreadFileToDisk::PushFreeToList], push free buffer...m_freeList size is 98
[03-08 17:58:08.011][ThreadFileToDisk::PushFreeToList], push free buffer...m_freeList size is 99
[03-08 17:58:14.337]remain_size is 1302528

[03-08 17:58:14.337]break 
[03-08 17:58:14.379]written = 76800000

[03-08 17:58:14.385][ThreadFileToDisk::SingleFile],关闭文件 D:\duoci\/testdata0.bin
[03-08 17:58:15.401]written = 76800000

[03-08 17:58:15.404][ThreadFileToDisk::SingleFile],关闭文件 D:\duoci\/testdata1.bin
[03-08 17:58:16.341]remain_size is 1302528

[03-08 17:58:16.341]break 
[03-08 17:58:16.388]written = 76800000

[03-08 17:58:16.391][ThreadFileToDisk::SingleFile],关闭文件 D:\duoci\/testdata2.bin
[03-08 17:58:17.387]written = 76800000

[03-08 17:58:17.390][ThreadFileToDisk::SingleFile],关闭文件 D:\duoci\/testdata3.bin
[03-08 17:58:18.345]remain_size is 1302528

[03-08 17:58:18.345]break 
[03-08 17:58:18.397]written = 76800000

[03-08 17:58:18.400][ThreadFileToDisk::SingleFile],关闭文件 D:\duoci\/testdata4.bin
[03-08 17:58:19.383]written = 76800000

[03-08 17:58:19.386][ThreadFileToDisk::SingleFile],关闭文件 D:\duoci\/testdata5.bin
[03-08 18:00:29.117][ThreadFileToDisk::PushFreeToList], push free buffer...m_freeList size is 0
[03-08 18:00:29.129][ThreadFileToDisk::PushFreeToList], push free buffer...m_freeList size is 1
[03-08 18:00:29.141][ThreadFileToDisk::PushFreeToList], push free buffer...m_freeList size is 2
[03-08 18:00:29.152][ThreadFileToDisk::PushFreeToList], push free buffer...m_freeList size is 3
[03-08 18:00:29.163][ThreadFileToDisk::PushFreeToList], push free buffer...m_freeList size is 4
[03-08 18:00:29.175][ThreadFileToDisk::PushFreeToList], push free buffer...m_freeList size is 5
[03-08 18:00:29.186][ThreadFileToDisk::PushFreeToList], push free buffer...m_freeList size is 6
[03-08 18:00:29.197][ThreadFileToDisk::PushFreeToList], push free buffer...m_freeList size is 7
[03-08 18:00:29.208][ThreadFileToDisk::PushFreeToList], push free buffer...m_freeList size is 8
[03-08 18:00:29.219][ThreadFileToDisk::PushFreeToList], push free buffer...m_freeList size is 9
[03-08 18:00:29.230][ThreadFileToDisk::PushFreeToList], push free buffer...m_freeList size is 10
[03-08 18:00:29.241][ThreadFileToDisk::PushFreeToList], push free buffer...m_freeList size is 11
[03-08 18:00:29.252][ThreadFileToDisk::PushFreeToList], push free buffer...m_freeList size is 12
[03-08 18:00:29.264][ThreadFileToDisk::PushFreeToList], push free buffer...m_freeList size is 13
[03-08 18:00:29.275][ThreadFileToDisk::PushFreeToList], push free buffer...m_freeList size is 14
[03-08 18:00:29.287][ThreadFileToDisk::PushFreeToList], push free buffer...m_freeList size is 15
[03-08 18:00:29.299][ThreadFileToDisk::PushFreeToList], push free buffer...m_freeList size is 16
[03-08 18:00:29.311][ThreadFileToDisk::PushFreeToList], push free buffer...m_freeList size is 17
[03-08 18:00:29.323][ThreadFileToDisk::PushFreeToList], push free buffer...m_freeList size is 18
[03-08 18:00:29.335][ThreadFileToDisk::PushFreeToList], push free buffer...m_freeList size is 19
[03-08 18:00:29.345][ThreadFileToDisk::PushFreeToList], push free buffer...m_freeList size is 20
[03-08 18:00:29.356][ThreadFileToDisk::PushFreeToList], push free buffer...m_freeList size is 21
[03-08 18:00:29.368][ThreadFileToDisk::PushFreeToList], push free buffer...m_freeList size is 22
[03-08 18:00:29.379][ThreadFileToDisk::PushFreeToList], push free buffer...m_freeList size is 23
[03-08 18:00:29.391][ThreadFileToDisk::PushFreeToList], push free buffer...m_freeList size is 24
[03-08 18:00:29.404][ThreadFileToDisk::PushFreeToList], push free buffer...m_freeList size is 25
[03-08 18:00:29.415][ThreadFileToDisk::PushFreeToList], push free buffer...m_freeList size is 26
[03-08 18:00:29.427][ThreadFileToDisk::PushFreeToList], push free buffer...m_freeList size is 27
[03-08 18:00:29.440][ThreadFileToDisk::PushFreeToList], push free buffer...m_freeList size is 28
[03-08 18:00:29.452][ThreadFileToDisk::PushFreeToList], push free buffer...m_freeList size is 29
[03-08 18:00:29.464][ThreadFileToDisk::PushFreeToList], push free buffer...m_freeList size is 30
[03-08 18:00:29.476][ThreadFileToDisk::PushFreeToList], push free buffer...m_freeList size is 31
[03-08 18:00:29.488][ThreadFileToDisk::PushFreeToList], push free buffer...m_freeList size is 32
[03-08 18:00:29.500][ThreadFileToDisk::PushFreeToList], push free buffer...m_freeList size is 33
[03-08 18:00:29.511][ThreadFileToDisk::PushFreeToList], push free buffer...m_freeList size is 34
[03-08 18:00:29.522][ThreadFileToDisk::PushFreeToList], push free buffer...m_freeList size is 35
[03-08 18:00:29.533][ThreadFileToDisk::PushFreeToList], push free buffer...m_freeList size is 36
[03-08 18:00:29.546][ThreadFileToDisk::PushFreeToList], push free buffer...m_freeList size is 37
[03-08 18:00:29.557][ThreadFileToDisk::PushFreeToList], push free buffer...m_freeList size is 38
[03-08 18:00:29.568][ThreadFileToDisk::PushFreeToList], push free buffer...m_freeList size is 39
[03-08 18:00:29.580][ThreadFileToDisk::PushFreeToList], push free buffer...m_freeList size is 40
[03-08 18:00:29.591][ThreadFileToDisk::PushFreeToList], push free buffer...m_freeList size is 41
[03-08 18:00:29.603][ThreadFileToDisk::PushFreeToList], push free buffer...m_freeList size is 42
[03-08 18:00:29.614][ThreadFileToDisk::PushFreeToList], push free buffer...m_freeList size is 43
[03-08 18:00:29.625][ThreadFileToDisk::PushFreeToList], push free buffer...m_freeList size is 44
[03-08 18:00:29.638][ThreadFileToDisk::PushFreeToList], push free buffer...m_freeList size is 45
[03-08 18:00:29.649][ThreadFileToDisk::PushFreeToList], push free buffer...m_freeList size is 46
[03-08 18:00:29.661][ThreadFileToDisk::PushFreeToList], push free buffer...m_freeList size is 47
[03-08 18:00:29.673][ThreadFileToDisk::PushFreeToList], push free buffer...m_freeList size is 48
[03-08 18:00:29.684][ThreadFileToDisk::PushFreeToList], push free buffer...m_freeList size is 49
[03-08 18:00:29.695][ThreadFileToDisk::PushFreeToList], push free buffer...m_freeList size is 50
[03-08 18:00:29.707][ThreadFileToDisk::PushFreeToList], push free buffer...m_freeList size is 51
[03-08 18:00:29.718][ThreadFileToDisk::PushFreeToList], push free buffer...m_freeList size is 52
[03-08 18:00:29.728][ThreadFileToDisk::PushFreeToList], push free buffer...m_freeList size is 53
[03-08 18:00:29.740][ThreadFileToDisk::PushFreeToList], push free buffer...m_freeList size is 54
[03-08 18:00:29.751][ThreadFileToDisk::PushFreeToList], push free buffer...m_freeList size is 55
[03-08 18:00:29.763][ThreadFileToDisk::PushFreeToList], push free buffer...m_freeList size is 56
[03-08 18:00:29.775][ThreadFileToDisk::PushFreeToList], push free buffer...m_freeList size is 57
[03-08 18:00:29.785][ThreadFileToDisk::PushFreeToList], push free buffer...m_freeList size is 58
[03-08 18:00:29.796][ThreadFileToDisk::PushFreeToList], push free buffer...m_freeList size is 59
[03-08 18:00:29.808][ThreadFileToDisk::PushFreeToList], push free buffer...m_freeList size is 60
[03-08 18:00:29.818][ThreadFileToDisk::PushFreeToList], push free buffer...m_freeList size is 61
[03-08 18:00:29.829][ThreadFileToDisk::PushFreeToList], push free buffer...m_freeList size is 62
[03-08 18:00:29.840][ThreadFileToDisk::PushFreeToList], push free buffer...m_freeList size is 63
[03-08 18:00:29.851][ThreadFileToDisk::PushFreeToList], push free buffer...m_freeList size is 64
[03-08 18:00:29.862][ThreadFileToDisk::PushFreeToList], push free buffer...m_freeList size is 65
[03-08 18:00:29.873][ThreadFileToDisk::PushFreeToList], push free buffer...m_freeList size is 66
[03-08 18:00:29.883][ThreadFileToDisk::PushFreeToList], push free buffer...m_freeList size is 67
[03-08 18:00:29.894][ThreadFileToDisk::PushFreeToList], push free buffer...m_freeList size is 68
[03-08 18:00:29.905][ThreadFileToDisk::PushFreeToList], push free buffer...m_freeList size is 69
[03-08 18:00:29.915][ThreadFileToDisk::PushFreeToList], push free buffer...m_freeList size is 70
[03-08 18:00:29.926][ThreadFileToDisk::PushFreeToList], push free buffer...m_freeList size is 71
[03-08 18:00:29.936][ThreadFileToDisk::PushFreeToList], push free buffer...m_freeList size is 72
[03-08 18:00:29.947][ThreadFileToDisk::PushFreeToList], push free buffer...m_freeList size is 73
[03-08 18:00:29.957][ThreadFileToDisk::PushFreeToList], push free buffer...m_freeList size is 74
[03-08 18:00:29.969][ThreadFileToDisk::PushFreeToList], push free buffer...m_freeList size is 75
[03-08 18:00:29.981][ThreadFileToDisk::PushFreeToList], push free buffer...m_freeList size is 76
[03-08 18:00:29.991][ThreadFileToDisk::PushFreeToList], push free buffer...m_freeList size is 77
[03-08 18:00:30.003][ThreadFileToDisk::PushFreeToList], push free buffer...m_freeList size is 78
[03-08 18:00:30.015][ThreadFileToDisk::PushFreeToList], push free buffer...m_freeList size is 79
[03-08 18:00:30.026][ThreadFileToDisk::PushFreeToList], push free buffer...m_freeList size is 80
[03-08 18:00:30.037][ThreadFileToDisk::PushFreeToList], push free buffer...m_freeList size is 81
[03-08 18:00:30.048][ThreadFileToDisk::PushFreeToList], push free buffer...m_freeList size is 82
[03-08 18:00:30.058][ThreadFileToDisk::PushFreeToList], push free buffer...m_freeList size is 83
[03-08 18:00:30.070][ThreadFileToDisk::PushFreeToList], push free buffer...m_freeList size is 84
[03-08 18:00:30.081][ThreadFileToDisk::PushFreeToList], push free buffer...m_freeList size is 85
[03-08 18:00:30.092][ThreadFileToDisk::PushFreeToList], push free buffer...m_freeList size is 86
[03-08 18:00:30.107][ThreadFileToDisk::PushFreeToList], push free buffer...m_freeList size is 87
[03-08 18:00:30.124][ThreadFileToDisk::PushFreeToList], push free buffer...m_freeList size is 88
[03-08 18:00:30.141][ThreadFileToDisk::PushFreeToList], push free buffer...m_freeList size is 89
[03-08 18:00:30.157][ThreadFileToDisk::PushFreeToList], push free buffer...m_freeList size is 90
[03-08 18:00:30.173][ThreadFileToDisk::PushFreeToList], push free buffer...m_freeList size is 91
[03-08 18:00:30.190][ThreadFileToDisk::PushFreeToList], push free buffer...m_freeList size is 92
[03-08 18:00:30.207][ThreadFileToDisk::PushFreeToList], push free buffer...m_freeList size is 93
[03-08 18:00:30.222][ThreadFileToDisk::PushFreeToList], push free buffer...m_freeList size is 94
[03-08 18:00:30.236][ThreadFileToDisk::PushFreeToList], push free buffer...m_freeList size is 95
[03-08 18:00:30.246][ThreadFileToDisk::PushFreeToList], push free buffer...m_freeList size is 96
[03-08 18:00:30.256][ThreadFileToDisk::PushFreeToList], push free buffer...m_freeList size is 97
[03-08 18:00:30.267][ThreadFileToDisk::PushFreeToList], push free buffer...m_freeList size is 98
[03-08 18:00:30.277][ThreadFileToDisk::PushFreeToList], push free buffer...m_freeList size is 99
[03-08 18:00:35.364]remain_size is 1302528

[03-08 18:00:35.364]break 
[03-08 18:00:35.415]written = 76800000

[03-08 18:00:35.419][ThreadFileToDisk::SingleFile],关闭文件 D:\duoci\/testdata0.bin
[03-08 18:00:36.414]written = 76800000

[03-08 18:00:36.417][ThreadFileToDisk::SingleFile],关闭文件 D:\duoci\/testdata1.bin
[03-08 18:00:37.383]remain_size is 1302528

[03-08 18:00:37.383]break 
[03-08 18:00:37.430]written = 76800000

[03-08 18:00:37.433][ThreadFileToDisk::SingleFile],关闭文件 D:\duoci\/testdata2.bin
[03-08 18:00:38.412]written = 76800000

[03-08 18:00:38.415][ThreadFileToDisk::SingleFile],关闭文件 D:\duoci\/testdata3.bin
[03-08 18:12:14.515][ThreadFileToDisk::PushFreeToList], push free buffer...m_freeList size is 0
[03-08 18:12:14.528][ThreadFileToDisk::PushFreeToList], push free buffer...m_freeList size is 1
[03-08 18:12:14.539][ThreadFileToDisk::PushFreeToList], push free buffer...m_freeList size is 2
[03-08 18:12:14.552][ThreadFileToDisk::PushFreeToList], push free buffer...m_freeList size is 3
[03-08 18:12:14.564][ThreadFileToDisk::PushFreeToList], push free buffer...m_freeList size is 4
[03-08 18:12:14.576][ThreadFileToDisk::PushFreeToList], push free buffer...m_freeList size is 5
[03-08 18:12:14.587][ThreadFileToDisk::PushFreeToList], push free buffer...m_freeList size is 6
[03-08 18:12:14.598][ThreadFileToDisk::PushFreeToList], push free buffer...m_freeList size is 7
[03-08 18:12:14.610][ThreadFileToDisk::PushFreeToList], push free buffer...m_freeList size is 8
[03-08 18:12:14.621][ThreadFileToDisk::PushFreeToList], push free buffer...m_freeList size is 9
[03-08 18:12:14.632][ThreadFileToDisk::PushFreeToList], push free buffer...m_freeList size is 10
[03-08 18:12:14.643][ThreadFileToDisk::PushFreeToList], push free buffer...m_freeList size is 11
[03-08 18:12:14.654][ThreadFileToDisk::PushFreeToList], push free buffer...m_freeList size is 12
[03-08 18:12:14.665][ThreadFileToDisk::PushFreeToList], push free buffer...m_freeList size is 13
[03-08 18:12:14.676][ThreadFileToDisk::PushFreeToList], push free buffer...m_freeList size is 14
[03-08 18:12:14.688][ThreadFileToDisk::PushFreeToList], push free buffer...m_freeList size is 15
[03-08 18:12:14.700][ThreadFileToDisk::PushFreeToList], push free buffer...m_freeList size is 16
[03-08 18:12:14.713][ThreadFileToDisk::PushFreeToList], push free buffer...m_freeList size is 17
[03-08 18:12:14.724][ThreadFileToDisk::PushFreeToList], push free buffer...m_freeList size is 18
[03-08 18:12:14.737][ThreadFileToDisk::PushFreeToList], push free buffer...m_freeList size is 19
[03-08 18:12:14.750][ThreadFileToDisk::PushFreeToList], push free buffer...m_freeList size is 20
[03-08 18:12:14.762][ThreadFileToDisk::PushFreeToList], push free buffer...m_freeList size is 21
[03-08 18:12:14.773][ThreadFileToDisk::PushFreeToList], push free buffer...m_freeList size is 22
[03-08 18:12:14.784][ThreadFileToDisk::PushFreeToList], push free buffer...m_freeList size is 23
[03-08 18:12:14.796][ThreadFileToDisk::PushFreeToList], push free buffer...m_freeList size is 24
[03-08 18:12:14.808][ThreadFileToDisk::PushFreeToList], push free buffer...m_freeList size is 25
[03-08 18:12:14.819][ThreadFileToDisk::PushFreeToList], push free buffer...m_freeList size is 26
[03-08 18:12:14.831][ThreadFileToDisk::PushFreeToList], push free buffer...m_freeList size is 27
[03-08 18:12:14.842][ThreadFileToDisk::PushFreeToList], push free buffer...m_freeList size is 28
[03-08 18:12:14.854][ThreadFileToDisk::PushFreeToList], push free buffer...m_freeList size is 29
[03-08 18:12:14.865][ThreadFileToDisk::PushFreeToList], push free buffer...m_freeList size is 30
[03-08 18:12:14.876][ThreadFileToDisk::PushFreeToList], push free buffer...m_freeList size is 31
[03-08 18:12:14.887][ThreadFileToDisk::PushFreeToList], push free buffer...m_freeList size is 32
[03-08 18:12:14.899][ThreadFileToDisk::PushFreeToList], push free buffer...m_freeList size is 33
[03-08 18:12:14.911][ThreadFileToDisk::PushFreeToList], push free buffer...m_freeList size is 34
[03-08 18:12:14.923][ThreadFileToDisk::PushFreeToList], push free buffer...m_freeList size is 35
[03-08 18:12:14.934][ThreadFileToDisk::PushFreeToList], push free buffer...m_freeList size is 36
[03-08 18:12:14.945][ThreadFileToDisk::PushFreeToList], push free buffer...m_freeList size is 37
[03-08 18:12:14.956][ThreadFileToDisk::PushFreeToList], push free buffer...m_freeList size is 38
[03-08 18:12:14.968][ThreadFileToDisk::PushFreeToList], push free buffer...m_freeList size is 39
[03-08 18:12:14.980][ThreadFileToDisk::PushFreeToList], push free buffer...m_freeList size is 40
[03-08 18:12:14.991][ThreadFileToDisk::PushFreeToList], push free buffer...m_freeList size is 41
[03-08 18:12:15.002][ThreadFileToDisk::PushFreeToList], push free buffer...m_freeList size is 42
[03-08 18:12:15.014][ThreadFileToDisk::PushFreeToList], push free buffer...m_freeList size is 43
[03-08 18:12:15.025][ThreadFileToDisk::PushFreeToList], push free buffer...m_freeList size is 44
[03-08 18:12:15.037][ThreadFileToDisk::PushFreeToList], push free buffer...m_freeList size is 45
[03-08 18:12:15.048][ThreadFileToDisk::PushFreeToList], push free buffer...m_freeList size is 46
[03-08 18:12:15.059][ThreadFileToDisk::PushFreeToList], push free buffer...m_freeList size is 47
[03-08 18:12:15.070][ThreadFileToDisk::PushFreeToList], push free buffer...m_freeList size is 48
[03-08 18:12:15.082][ThreadFileToDisk::PushFreeToList], push free buffer...m_freeList size is 49
[03-08 18:12:15.093][ThreadFileToDisk::PushFreeToList], push free buffer...m_freeList size is 50
[03-08 18:12:15.104][ThreadFileToDisk::PushFreeToList], push free buffer...m_freeList size is 51
[03-08 18:12:15.116][ThreadFileToDisk::PushFreeToList], push free buffer...m_freeList size is 52
[03-08 18:12:15.127][ThreadFileToDisk::PushFreeToList], push free buffer...m_freeList size is 53
[03-08 18:12:15.138][ThreadFileToDisk::PushFreeToList], push free buffer...m_freeList size is 54
[03-08 18:12:15.150][ThreadFileToDisk::PushFreeToList], push free buffer...m_freeList size is 55
[03-08 18:12:15.160][ThreadFileToDisk::PushFreeToList], push free buffer...m_freeList size is 56
[03-08 18:12:15.172][ThreadFileToDisk::PushFreeToList], push free buffer...m_freeList size is 57
[03-08 18:12:15.183][ThreadFileToDisk::PushFreeToList], push free buffer...m_freeList size is 58
[03-08 18:12:15.194][ThreadFileToDisk::PushFreeToList], push free buffer...m_freeList size is 59
[03-08 18:12:15.204][ThreadFileToDisk::PushFreeToList], push free buffer...m_freeList size is 60
[03-08 18:12:15.215][ThreadFileToDisk::PushFreeToList], push free buffer...m_freeList size is 61
[03-08 18:12:15.226][ThreadFileToDisk::PushFreeToList], push free buffer...m_freeList size is 62
[03-08 18:12:15.237][ThreadFileToDisk::PushFreeToList], push free buffer...m_freeList size is 63
[03-08 18:12:15.249][ThreadFileToDisk::PushFreeToList], push free buffer...m_freeList size is 64
[03-08 18:12:15.259][ThreadFileToDisk::PushFreeToList], push free buffer...m_freeList size is 65
[03-08 18:12:15.269][ThreadFileToDisk::PushFreeToList], push free buffer...m_freeList size is 66
[03-08 18:12:15.280][ThreadFileToDisk::PushFreeToList], push free buffer...m_freeList size is 67
[03-08 18:12:15.290][ThreadFileToDisk::PushFreeToList], push free buffer...m_freeList size is 68
[03-08 18:12:15.301][ThreadFileToDisk::PushFreeToList], push free buffer...m_freeList size is 69
[03-08 18:12:15.311][ThreadFileToDisk::PushFreeToList], push free buffer...m_freeList size is 70
[03-08 18:12:15.322][ThreadFileToDisk::PushFreeToList], push free buffer...m_freeList size is 71
[03-08 18:12:15.332][ThreadFileToDisk::PushFreeToList], push free buffer...m_freeList size is 72
[03-08 18:12:15.343][ThreadFileToDisk::PushFreeToList], push free buffer...m_freeList size is 73
[03-08 18:12:15.354][ThreadFileToDisk::PushFreeToList], push free buffer...m_freeList size is 74
[03-08 18:12:15.364][ThreadFileToDisk::PushFreeToList], push free buffer...m_freeList size is 75
[03-08 18:12:15.374][ThreadFileToDisk::PushFreeToList], push free buffer...m_freeList size is 76
[03-08 18:12:15.385][ThreadFileToDisk::PushFreeToList], push free buffer...m_freeList size is 77
[03-08 18:12:15.395][ThreadFileToDisk::PushFreeToList], push free buffer...m_freeList size is 78
[03-08 18:12:15.405][ThreadFileToDisk::PushFreeToList], push free buffer...m_freeList size is 79
[03-08 18:12:15.416][ThreadFileToDisk::PushFreeToList], push free buffer...m_freeList size is 80
[03-08 18:12:15.426][ThreadFileToDisk::PushFreeToList], push free buffer...m_freeList size is 81
[03-08 18:12:15.437][ThreadFileToDisk::PushFreeToList], push free buffer...m_freeList size is 82
[03-08 18:12:15.450][ThreadFileToDisk::PushFreeToList], push free buffer...m_freeList size is 83
[03-08 18:12:15.462][ThreadFileToDisk::PushFreeToList], push free buffer...m_freeList size is 84
[03-08 18:12:15.472][ThreadFileToDisk::PushFreeToList], push free buffer...m_freeList size is 85
[03-08 18:12:15.484][ThreadFileToDisk::PushFreeToList], push free buffer...m_freeList size is 86
[03-08 18:12:15.494][ThreadFileToDisk::PushFreeToList], push free buffer...m_freeList size is 87
[03-08 18:12:15.505][ThreadFileToDisk::PushFreeToList], push free buffer...m_freeList size is 88
[03-08 18:12:15.516][ThreadFileToDisk::PushFreeToList], push free buffer...m_freeList size is 89
[03-08 18:12:15.526][ThreadFileToDisk::PushFreeToList], push free buffer...m_freeList size is 90
[03-08 18:12:15.537][ThreadFileToDisk::PushFreeToList], push free buffer...m_freeList size is 91
[03-08 18:12:15.548][ThreadFileToDisk::PushFreeToList], push free buffer...m_freeList size is 92
[03-08 18:12:15.558][ThreadFileToDisk::PushFreeToList], push free buffer...m_freeList size is 93
[03-08 18:12:15.569][ThreadFileToDisk::PushFreeToList], push free buffer...m_freeList size is 94
[03-08 18:12:15.580][ThreadFileToDisk::PushFreeToList], push free buffer...m_freeList size is 95
[03-08 18:12:15.590][ThreadFileToDisk::PushFreeToList], push free buffer...m_freeList size is 96
[03-08 18:12:15.601][ThreadFileToDisk::PushFreeToList], push free buffer...m_freeList size is 97
[03-08 18:12:15.611][ThreadFileToDisk::PushFreeToList], push free buffer...m_freeList size is 98
[03-08 18:12:15.622][ThreadFileToDisk::PushFreeToList], push free buffer...m_freeList size is 99
[03-08 18:12:33.073]written = 83886080

[03-08 18:12:33.103]written = 83886080

[03-08 18:12:33.133]written = 83886080

[03-08 18:12:33.162]written = 83886080

[03-08 18:12:33.191]written = 83886080

[03-08 18:12:33.220]written = 83886080

[03-08 18:12:33.250]written = 83886080

[03-08 18:12:33.267]remain_size is 1802240

[03-08 18:12:33.267]break 
[03-08 18:12:33.279]written = 83886080

[03-08 18:12:33.309]written = 83886080

[03-08 18:12:33.325]written = 43745280

[03-08 18:12:33.328][ThreadFileToDisk::SingleFile],关闭文件 D:\duoci\/testdata0.bin
[03-08 18:12:34.075]written = 83886080

[03-08 18:12:34.105]written = 83886080

[03-08 18:12:34.135]written = 83886080

[03-08 18:12:34.165]written = 83886080

[03-08 18:12:34.197]written = 83886080

[03-08 18:12:34.229]written = 83886080

[03-08 18:12:34.259]written = 83886080

[03-08 18:12:34.289]written = 83886080

[03-08 18:12:34.319]written = 83886080

[03-08 18:12:34.336]written = 43745280

[03-08 18:12:34.339][ThreadFileToDisk::SingleFile],关闭文件 D:\duoci\/testdata1.bin
[03-08 18:12:35.080]written = 83886080

[03-08 18:12:35.110]written = 83886080

[03-08 18:12:35.141]written = 83886080

[03-08 18:12:35.170]written = 83886080

[03-08 18:12:35.201]written = 83886080

[03-08 18:12:35.230]written = 83886080

[03-08 18:12:35.259]written = 83886080

[03-08 18:12:35.265]remain_size is 1802240

[03-08 18:12:35.265]break 
[03-08 18:12:35.289]written = 83886080

[03-08 18:12:35.318]written = 83886080

[03-08 18:12:35.334]written = 43745280

[03-08 18:12:35.339][ThreadFileToDisk::SingleFile],关闭文件 D:\duoci\/testdata2.bin
[03-08 18:12:36.079]written = 83886080

[03-08 18:12:36.109]written = 83886080

[03-08 18:12:36.139]written = 83886080

[03-08 18:12:36.168]written = 83886080

[03-08 18:12:36.198]written = 83886080

[03-08 18:12:36.227]written = 83886080

[03-08 18:12:36.257]written = 83886080

[03-08 18:12:36.287]written = 83886080

[03-08 18:12:36.318]written = 83886080

[03-08 18:12:36.334]written = 43745280

[03-08 18:12:36.336][ThreadFileToDisk::SingleFile],关闭文件 D:\duoci\/testdata3.bin
[03-08 18:12:37.066]written = 83886080

[03-08 18:12:37.096]written = 83886080

[03-08 18:12:37.126]written = 83886080

[03-08 18:12:37.156]written = 83886080

[03-08 18:12:37.185]written = 83886080

[03-08 18:12:37.215]written = 83886080

[03-08 18:12:37.245]written = 83886080

[03-08 18:12:37.258]remain_size is 1802240

[03-08 18:12:37.258]break 
[03-08 18:12:37.274]written = 83886080

[03-08 18:12:37.304]written = 83886080

[03-08 18:12:37.319]written = 43745280

[03-08 18:12:37.322][ThreadFileToDisk::SingleFile],关闭文件 D:\duoci\/testdata4.bin
[03-08 18:12:38.077]written = 83886080

[03-08 18:12:38.107]written = 83886080

[03-08 18:12:38.136]written = 83886080

[03-08 18:12:38.166]written = 83886080

[03-08 18:12:38.197]written = 83886080

[03-08 18:12:38.226]written = 83886080

[03-08 18:12:38.255]written = 83886080

[03-08 18:12:38.285]written = 83886080

[03-08 18:12:38.315]written = 83886080

[03-08 18:12:38.330]written = 43745280

[03-08 18:12:38.333][ThreadFileToDisk::SingleFile],关闭文件 D:\duoci\/testdata5.bin
[03-08 18:12:39.067]written = 83886080

[03-08 18:12:39.097]written = 83886080

[03-08 18:12:39.127]written = 83886080

[03-08 18:12:39.156]written = 83886080

[03-08 18:12:39.186]written = 83886080

[03-08 18:12:39.215]written = 83886080

[03-08 18:12:39.244]written = 83886080

[03-08 18:12:39.260]remain_size is 1802240

[03-08 18:12:39.260]break 
[03-08 18:12:39.274]written = 83886080

[03-08 18:12:39.304]written = 83886080

[03-08 18:12:39.320]written = 43745280

[03-08 18:12:39.322][ThreadFileToDisk::SingleFile],关闭文件 D:\duoci\/testdata6.bin
[03-08 18:12:40.072]written = 83886080

[03-08 18:12:40.102]written = 83886080

[03-08 18:12:40.131]written = 83886080

[03-08 18:12:40.160]written = 83886080

[03-08 18:12:40.190]written = 83886080

[03-08 18:12:40.219]written = 83886080

[03-08 18:12:40.248]written = 83886080

[03-08 18:12:40.278]written = 83886080

[03-08 18:12:40.308]written = 83886080

[03-08 18:12:40.323]written = 43745280

[03-08 18:12:40.327][ThreadFileToDisk::SingleFile],关闭文件 D:\duoci\/testdata7.bin
[03-08 18:12:41.082]written = 83886080

[03-08 18:12:41.116]written = 83886080

[03-08 18:12:41.146]written = 83886080

[03-08 18:12:41.176]written = 83886080

[03-08 18:12:41.205]written = 83886080

[03-08 18:12:41.236]written = 83886080

[03-08 18:12:41.265]written = 83886080

[03-08 18:12:41.273]remain_size is 1802240

[03-08 18:12:41.273]break 
[03-08 18:12:41.294]written = 83886080

[03-08 18:12:41.324]written = 83886080

[03-08 18:12:41.339]written = 43745280

[03-08 18:12:41.342][ThreadFileToDisk::SingleFile],关闭文件 D:\duoci\/testdata8.bin
[03-08 18:12:42.062]written = 83886080

[03-08 18:12:42.092]written = 83886080

[03-08 18:12:42.121]written = 83886080

[03-08 18:12:42.151]written = 83886080

[03-08 18:12:42.181]written = 83886080

[03-08 18:12:42.210]written = 83886080

[03-08 18:12:42.240]written = 83886080

[03-08 18:12:42.270]written = 83886080

[03-08 18:12:42.299]written = 83886080

[03-08 18:12:42.315]written = 43745280

[03-08 18:12:42.318][ThreadFileToDisk::SingleFile],关闭文件 D:\duoci\/testdata9.bin
[03-08 18:12:43.072]written = 83886080

[03-08 18:12:43.102]written = 83886080

[03-08 18:12:43.131]written = 83886080

[03-08 18:12:43.161]written = 83886080

[03-08 18:12:43.190]written = 83886080

[03-08 18:12:43.220]written = 83886080

[03-08 18:12:43.250]written = 83886080

[03-08 18:12:43.254]remain_size is 1802240

[03-08 18:12:43.254]break 
[03-08 18:12:43.279]written = 83886080

[03-08 18:12:43.308]written = 83886080

[03-08 18:12:43.324]written = 43745280

[03-08 18:12:43.326][ThreadFileToDisk::SingleFile],关闭文件 D:\duoci\/testdata10.bin
[03-08 18:12:44.079]written = 83886080

[03-08 18:12:44.109]written = 83886080

[03-08 18:12:44.139]written = 83886080

[03-08 18:12:44.169]written = 83886080

[03-08 18:12:44.199]written = 83886080

[03-08 18:12:44.229]written = 83886080

[03-08 18:12:44.260]written = 83886080

[03-08 18:12:44.289]written = 83886080

[03-08 18:12:44.320]written = 83886080

[03-08 18:12:44.336]written = 43745280

[03-08 18:12:44.338][ThreadFileToDisk::SingleFile],关闭文件 D:\duoci\/testdata11.bin
[03-08 18:12:45.077]written = 83886080

[03-08 18:12:45.106]written = 83886080

[03-08 18:12:45.137]written = 83886080

[03-08 18:12:45.166]written = 83886080

[03-08 18:12:45.196]written = 83886080

[03-08 18:12:45.225]written = 83886080

[03-08 18:12:45.257]written = 83886080

[03-08 18:12:45.270]remain_size is 1802240

[03-08 18:12:45.271]break 
[03-08 18:12:45.291]written = 83886080

[03-08 18:12:45.320]written = 83886080

[03-08 18:12:45.336]written = 43745280

[03-08 18:12:45.339][ThreadFileToDisk::SingleFile],关闭文件 D:\duoci\/testdata12.bin
[03-08 18:12:46.067]written = 83886080

[03-08 18:12:46.097]written = 83886080

[03-08 18:12:46.127]written = 83886080

[03-08 18:12:46.158]written = 83886080

[03-08 18:12:46.188]written = 83886080

[03-08 18:12:46.218]written = 83886080

[03-08 18:12:46.249]written = 83886080

[03-08 18:12:46.278]written = 83886080

[03-08 18:12:46.308]written = 83886080

[03-08 18:12:46.324]written = 43745280

[03-08 18:12:46.326][ThreadFileToDisk::SingleFile],关闭文件 D:\duoci\/testdata13.bin
[03-08 18:12:47.080]written = 83886080

[03-08 18:12:47.110]written = 83886080

[03-08 18:12:47.140]written = 83886080

[03-08 18:12:47.169]written = 83886080

[03-08 18:12:47.199]written = 83886080

[03-08 18:12:47.228]written = 83886080

[03-08 18:12:47.254]remain_size is 1802240

[03-08 18:12:47.254]break 
[03-08 18:12:47.257]written = 83886080

[03-08 18:12:47.287]written = 83886080

[03-08 18:12:47.317]written = 83886080

[03-08 18:12:47.333]written = 43745280

[03-08 18:12:47.335][ThreadFileToDisk::SingleFile],关闭文件 D:\duoci\/testdata14.bin
[03-08 18:12:48.082]written = 83886080

[03-08 18:12:48.112]written = 83886080

[03-08 18:12:48.141]written = 83886080

[03-08 18:12:48.171]written = 83886080

[03-08 18:12:48.201]written = 83886080

[03-08 18:12:48.231]written = 83886080

[03-08 18:12:48.260]written = 83886080

[03-08 18:12:48.290]written = 83886080

[03-08 18:12:48.319]written = 83886080

[03-08 18:12:48.335]written = 43745280

[03-08 18:12:48.339][ThreadFileToDisk::SingleFile],关闭文件 D:\duoci\/testdata15.bin
[03-08 18:12:49.062]written = 83886080

[03-08 18:12:49.092]written = 83886080

[03-08 18:12:49.122]written = 83886080

[03-08 18:12:49.154]written = 83886080

[03-08 18:12:49.188]written = 83886080

[03-08 18:12:49.218]written = 83886080

[03-08 18:12:49.248]written = 83886080

[03-08 18:12:49.268]remain_size is 1802240

[03-08 18:12:49.268]break 
[03-08 18:12:49.278]written = 83886080

[03-08 18:12:49.308]written = 83886080

[03-08 18:12:49.324]written = 43745280

[03-08 18:12:49.326][ThreadFileToDisk::SingleFile],关闭文件 D:\duoci\/testdata16.bin
[03-08 18:12:50.069]written = 83886080

[03-08 18:12:50.101]written = 83886080

[03-08 18:12:50.131]written = 83886080

[03-08 18:12:50.160]written = 83886080

[03-08 18:12:50.190]written = 83886080

[03-08 18:12:50.220]written = 83886080

[03-08 18:12:50.250]written = 83886080

[03-08 18:12:50.280]written = 83886080

[03-08 18:12:50.309]written = 83886080

[03-08 18:12:50.325]written = 43745280

[03-08 18:12:50.328][ThreadFileToDisk::SingleFile],关闭文件 D:\duoci\/testdata17.bin
[03-08 18:12:51.085]written = 83886080

[03-08 18:12:51.115]written = 83886080

[03-08 18:12:51.145]written = 83886080

[03-08 18:12:51.175]written = 83886080

[03-08 18:12:51.204]written = 83886080

[03-08 18:12:51.235]written = 83886080

[03-08 18:12:51.265]written = 83886080

[03-08 18:12:51.268]remain_size is 1802240

[03-08 18:12:51.268]break 
[03-08 18:12:51.293]written = 83886080

[03-08 18:12:51.323]written = 83886080

[03-08 18:12:51.339]written = 43745280

[03-08 18:12:51.341][ThreadFileToDisk::SingleFile],关闭文件 D:\duoci\/testdata18.bin
[03-08 18:12:52.077]written = 83886080

[03-08 18:12:52.109]written = 83886080

[03-08 18:12:52.139]written = 83886080

[03-08 18:12:52.169]written = 83886080

[03-08 18:12:52.199]written = 83886080

[03-08 18:12:52.229]written = 83886080

[03-08 18:12:52.259]written = 83886080

[03-08 18:12:52.288]written = 83886080

[03-08 18:12:52.318]written = 83886080

[03-08 18:12:52.333]written = 43745280

[03-08 18:12:52.336][ThreadFileToDisk::SingleFile],关闭文件 D:\duoci\/testdata19.bin
[03-08 18:12:53.069]written = 83886080

[03-08 18:12:53.099]written = 83886080

[03-08 18:12:53.129]written = 83886080

[03-08 18:12:53.158]written = 83886080

[03-08 18:12:53.188]written = 83886080

[03-08 18:12:53.217]written = 83886080

[03-08 18:12:53.247]written = 83886080

[03-08 18:12:53.257]remain_size is 1802240

[03-08 18:12:53.257]break 
[03-08 18:12:53.277]written = 83886080

[03-08 18:12:53.306]written = 83886080

[03-08 18:12:53.322]written = 43745280

[03-08 18:12:53.325][ThreadFileToDisk::SingleFile],关闭文件 D:\duoci\/testdata20.bin
[03-08 18:12:54.076]written = 83886080

[03-08 18:12:54.105]written = 83886080

[03-08 18:12:54.135]written = 83886080

[03-08 18:12:54.164]written = 83886080

[03-08 18:12:54.194]written = 83886080

[03-08 18:12:54.223]written = 83886080

[03-08 18:12:54.253]written = 83886080

[03-08 18:12:54.282]written = 83886080

[03-08 18:12:54.311]written = 83886080

[03-08 18:12:54.327]written = 43745280

[03-08 18:12:54.330][ThreadFileToDisk::SingleFile],关闭文件 D:\duoci\/testdata21.bin
[03-08 18:12:55.079]written = 83886080

[03-08 18:12:55.109]written = 83886080

[03-08 18:12:55.139]written = 83886080

[03-08 18:12:55.168]written = 83886080

[03-08 18:12:55.198]written = 83886080

[03-08 18:12:55.227]written = 83886080

[03-08 18:12:55.255]remain_size is 1802240

[03-08 18:12:55.255]break 
[03-08 18:12:55.256]written = 83886080

[03-08 18:12:55.285]written = 83886080

[03-08 18:12:55.315]written = 83886080

[03-08 18:12:55.331]written = 43745280

[03-08 18:12:55.333][ThreadFileToDisk::SingleFile],关闭文件 D:\duoci\/testdata22.bin
[03-08 18:12:56.077]written = 83886080

[03-08 18:12:56.107]written = 83886080

[03-08 18:12:56.137]written = 83886080

[03-08 18:12:56.167]written = 83886080

[03-08 18:12:56.197]written = 83886080

[03-08 18:12:56.227]written = 83886080

[03-08 18:12:56.257]written = 83886080

[03-08 18:12:56.287]written = 83886080

[03-08 18:12:56.317]written = 83886080

[03-08 18:12:56.333]written = 43745280

[03-08 18:12:56.336][ThreadFileToDisk::SingleFile],关闭文件 D:\duoci\/testdata23.bin
[03-08 18:12:57.071]written = 83886080

[03-08 18:12:57.102]written = 83886080

[03-08 18:12:57.133]written = 83886080

[03-08 18:12:57.162]written = 83886080

[03-08 18:12:57.192]written = 83886080

[03-08 18:12:57.221]written = 83886080

[03-08 18:12:57.251]written = 83886080

[03-08 18:12:57.258]remain_size is 1802240

[03-08 18:12:57.258]break 
[03-08 18:12:57.281]written = 83886080

[03-08 18:12:57.311]written = 83886080

[03-08 18:12:57.326]written = 43745280

[03-08 18:12:57.329][ThreadFileToDisk::SingleFile],关闭文件 D:\duoci\/testdata24.bin
[03-08 18:12:58.071]written = 83886080

[03-08 18:12:58.100]written = 83886080

[03-08 18:12:58.130]written = 83886080

[03-08 18:12:58.160]written = 83886080

[03-08 18:12:58.189]written = 83886080

[03-08 18:12:58.219]written = 83886080

[03-08 18:12:58.249]written = 83886080

[03-08 18:12:58.279]written = 83886080

[03-08 18:12:58.309]written = 83886080

[03-08 18:12:58.325]written = 43745280

[03-08 18:12:58.328][ThreadFileToDisk::SingleFile],关闭文件 D:\duoci\/testdata25.bin
[03-08 18:12:59.076]written = 83886080

[03-08 18:12:59.106]written = 83886080

[03-08 18:12:59.136]written = 83886080

[03-08 18:12:59.166]written = 83886080

[03-08 18:12:59.196]written = 83886080

[03-08 18:12:59.226]written = 83886080

[03-08 18:12:59.256]written = 83886080

[03-08 18:12:59.270]remain_size is 1802240

[03-08 18:12:59.270]break 
[03-08 18:12:59.285]written = 83886080

[03-08 18:12:59.316]written = 83886080

[03-08 18:12:59.332]written = 43745280

[03-08 18:12:59.334][ThreadFileToDisk::SingleFile],关闭文件 D:\duoci\/testdata26.bin
[03-08 18:13:00.076]written = 83886080

[03-08 18:13:00.105]written = 83886080

[03-08 18:13:00.134]written = 83886080

[03-08 18:13:00.164]written = 83886080

[03-08 18:13:00.193]written = 83886080

[03-08 18:13:00.221]written = 83886080

[03-08 18:13:00.251]written = 83886080

[03-08 18:13:00.282]written = 83886080

[03-08 18:13:00.311]written = 83886080

[03-08 18:13:00.327]written = 43745280

[03-08 18:13:00.330][ThreadFileToDisk::SingleFile],关闭文件 D:\duoci\/testdata27.bin
[03-08 18:13:01.060]written = 83886080

[03-08 18:13:01.091]written = 83886080

[03-08 18:13:01.121]written = 83886080

[03-08 18:13:01.151]written = 83886080

[03-08 18:13:01.180]written = 83886080

[03-08 18:13:01.209]written = 83886080

[03-08 18:13:01.238]written = 83886080

[03-08 18:13:01.253]remain_size is 1802240

[03-08 18:13:01.253]break 
[03-08 18:13:01.269]written = 83886080

[03-08 18:13:01.299]written = 83886080

[03-08 18:13:01.315]written = 43745280

[03-08 18:13:01.318][ThreadFileToDisk::SingleFile],关闭文件 D:\duoci\/testdata28.bin
