[04-02 09:08:58.714]QTOpenBoard,unCardIdx=0
[04-02 09:08:58.718][get_devices],devpath is , strLength is 261
[04-02 09:08:58.734][OperatorQt7010::QTOpenBoard],Devices found: 0
[04-02 09:08:58.735][OperatorQt7010::QTOpenBoard],Error: No XDMA Device ...
[04-02 09:08:58.735]QTOpenBoard,result=-1
[04-02 09:08:58.736][DeviceFile::DeviceFile_Seek], address.QuadPart=12288
[04-02 09:08:58.736][DeviceFile::DeviceFile_Read],failed...
[04-02 09:08:58.737][DeviceFile::DeviceFile_Seek], address.QuadPart=12292
[04-02 09:08:58.737][DeviceFile::DeviceFile_Read],failed...
[04-02 09:08:58.737][DeviceFile::DeviceFile_Seek], address.QuadPart=12300
[04-02 09:08:58.737][DeviceFile::DeviceFile_Read],failed...
[04-02 09:08:58.738][DeviceFile::DeviceFile_Seek], address.QuadPart=12320
[04-02 09:08:58.738][DeviceFile::DeviceFile_Read],failed...
[04-02 09:08:58.738][QTXdmaWriteRegister],BaseAddr=6000, Offset=10, Value=0
[04-02 09:08:58.738][DeviceFile::DeviceFile_Seek], address.QuadPart=24592
[04-02 09:08:58.738][DeviceFile::DeviceFile_Write],failed... error=6
[04-02 09:08:58.738][QTXdmaWriteRegister],BaseAddr=6000, Offset=10, Value=1
[04-02 09:08:58.738][DeviceFile::DeviceFile_Seek], address.QuadPart=24592
[04-02 09:08:58.738][DeviceFile::DeviceFile_Write],failed... error=6
[04-02 09:08:58.738][QTXdmaWriteRegister],BaseAddr=6000, Offset=10, Value=0
[04-02 09:08:58.738][DeviceFile::DeviceFile_Seek], address.QuadPart=24592
[04-02 09:08:58.738][DeviceFile::DeviceFile_Write],failed... error=6
[04-02 09:08:58.738][QTXdmaWriteRegister],BaseAddr=1000, Offset=0, Value=0
[04-02 09:08:58.738][DeviceFile::DeviceFile_Seek], address.QuadPart=4096
[04-02 09:08:58.738][DeviceFile::DeviceFile_Write],failed... error=6
[04-02 09:08:58.738][QTXdmaWriteRegister],BaseAddr=1000, Offset=20, Value=0
[04-02 09:08:58.738][DeviceFile::DeviceFile_Seek], address.QuadPart=4128
[04-02 09:08:58.738][DeviceFile::DeviceFile_Write],failed... error=6
[04-02 09:08:58.738][QTXdmaWriteRegister],BaseAddr=6000, Offset=4, Value=0
[04-02 09:08:58.738][DeviceFile::DeviceFile_Seek], address.QuadPart=24580
[04-02 09:08:58.738][DeviceFile::DeviceFile_Write],failed... error=6
[04-02 09:08:58.738][QTXdmaWriteRegister],BaseAddr=6000, Offset=4, Value=1
[04-02 09:08:58.738][DeviceFile::DeviceFile_Seek], address.QuadPart=24580
[04-02 09:08:58.738][DeviceFile::DeviceFile_Write],failed... error=6
[04-02 09:08:58.738][QTXdmaWriteRegister],BaseAddr=6000, Offset=4, Value=0
[04-02 09:08:58.738][DeviceFile::DeviceFile_Seek], address.QuadPart=24580
[04-02 09:08:58.738][DeviceFile::DeviceFile_Write],failed... error=6
[04-02 09:08:58.738][QTXdmaWriteRegister],BaseAddr=6000, Offset=18, Value=0
[04-02 09:08:58.738][DeviceFile::DeviceFile_Seek], address.QuadPart=24600
[04-02 09:08:58.738][DeviceFile::DeviceFile_Write],failed... error=6
[04-02 09:08:58.738][QTXdmaWriteRegister],BaseAddr=6000, Offset=18, Value=1
[04-02 09:08:58.738][DeviceFile::DeviceFile_Seek], address.QuadPart=24600
[04-02 09:08:58.738][DeviceFile::DeviceFile_Write],failed... error=6
[04-02 09:08:58.738][QTXdmaWriteRegister],BaseAddr=6000, Offset=18, Value=0
[04-02 09:08:58.739][DeviceFile::DeviceFile_Seek], address.QuadPart=24600
[04-02 09:08:58.739][DeviceFile::DeviceFile_Write],failed... error=6
[04-02 09:09:23.403][QTXdmaWriteRegister],BaseAddr=6000, Offset=20, Value=8023
[04-02 09:09:23.403][DeviceFile::DeviceFile_Seek], address.QuadPart=24608
[04-02 09:09:23.403][DeviceFile::DeviceFile_Write],failed... error=6
[04-02 09:09:23.403][QTXdmaWriteRegister],BaseAddr=6000, Offset=30, Value=0
[04-02 09:09:23.403][DeviceFile::DeviceFile_Seek], address.QuadPart=24624
[04-02 09:09:23.403][DeviceFile::DeviceFile_Write],failed... error=6
[04-02 09:09:23.404][QTXdmaWriteRegister],BaseAddr=6000, Offset=30, Value=1
[04-02 09:09:23.404][DeviceFile::DeviceFile_Seek], address.QuadPart=24624
[04-02 09:09:23.404][DeviceFile::DeviceFile_Write],failed... error=6
[04-02 09:09:23.404][QTXdmaWriteRegister],BaseAddr=6000, Offset=30, Value=0
[04-02 09:09:23.404][DeviceFile::DeviceFile_Seek], address.QuadPart=24624
[04-02 09:09:23.404][DeviceFile::DeviceFile_Write],failed... error=6
[04-02 09:09:25.708][QTXdmaWriteRegister],BaseAddr=7000, Offset=28, Value=1000
[04-02 09:09:25.708][DeviceFile::DeviceFile_Seek], address.QuadPart=28712
[04-02 09:09:25.708][DeviceFile::DeviceFile_Write],failed... error=6
[04-02 09:09:25.709][QTXdmaWriteRegister],BaseAddr=7000, Offset=2c, Value=1
[04-02 09:09:25.709][DeviceFile::DeviceFile_Seek], address.QuadPart=28716
[04-02 09:09:25.709][DeviceFile::DeviceFile_Write],failed... error=6
[04-02 09:09:25.709][QTXdmaWriteRegister],BaseAddr=7000, Offset=30, Value=0
[04-02 09:09:25.709][DeviceFile::DeviceFile_Seek], address.QuadPart=28720
[04-02 09:09:25.709][DeviceFile::DeviceFile_Write],failed... error=6
[04-02 09:09:25.709][QTXdmaWriteRegister],BaseAddr=7000, Offset=30, Value=1
[04-02 09:09:25.709][DeviceFile::DeviceFile_Seek], address.QuadPart=28720
[04-02 09:09:25.709][DeviceFile::DeviceFile_Write],failed... error=6
[04-02 09:09:25.709][QTXdmaWriteRegister],BaseAddr=7000, Offset=30, Value=0
[04-02 09:09:25.709][DeviceFile::DeviceFile_Seek], address.QuadPart=28720
[04-02 09:09:25.709][DeviceFile::DeviceFile_Write],failed... error=6
[04-02 09:09:28.033][QTXdmaWriteRegister],BaseAddr=7000, Offset=38, Value=1
[04-02 09:09:28.033][DeviceFile::DeviceFile_Seek], address.QuadPart=28728
[04-02 09:09:28.033][DeviceFile::DeviceFile_Write],failed... error=6
[04-02 09:09:33.034][DeviceFile::DeviceFile_Seek], address.QuadPart=8196
[04-02 09:09:33.034][DeviceFile::DeviceFile_Read],failed...
[04-02 09:09:34.506][QTXdmaWriteRegister],BaseAddr=7000, Offset=0, Value=0
[04-02 09:09:34.506][DeviceFile::DeviceFile_Seek], address.QuadPart=28672
[04-02 09:09:34.506][DeviceFile::DeviceFile_Write],failed... error=6
[04-02 09:09:34.506][QTXdmaWriteRegister],BaseAddr=7000, Offset=4, Value=1
[04-02 09:09:34.506][DeviceFile::DeviceFile_Seek], address.QuadPart=28676
[04-02 09:09:34.506][DeviceFile::DeviceFile_Write],failed... error=6
